Copyright 1986-2020 Xilinx, Inc. All Rights Reserved.
---------------------------------------------------------------------------------------------
| Tool Version : Vivado v.2020.1 (win64) Build 2902540 Wed May 27 19:54:49 MDT 2020
| Date         : Fri Feb 16 09:26:03 2024
| Host         : CO2041-08 running 64-bit major release  (build 9200)
| Command      : report_control_sets -verbose -file design_1_wrapper_control_sets_placed.rpt
| Design       : design_1_wrapper
| Device       : xc7z020
---------------------------------------------------------------------------------------------

Control Set Information

Table of Contents
-----------------
1. Summary
2. Histogram
3. Flip-Flop Distribution
4. Detailed Control Set Information

1. Summary
----------

+----------------------------------------------------------+-------+
|                          Status                          | Count |
+----------------------------------------------------------+-------+
| Total control sets                                       |    77 |
|    Minimum number of control sets                        |    77 |
|    Addition due to synthesis replication                 |     0 |
|    Addition due to physical synthesis replication        |     0 |
| Unused register locations in slices containing registers |   144 |
+----------------------------------------------------------+-------+
* Control sets can be merged at opt_design using control_set_merge or merge_equivalent_drivers
** Run report_qor_suggestions for automated merging and remapping suggestions


2. Histogram
------------

+--------------------+-------+
|       Fanout       | Count |
+--------------------+-------+
| Total control sets |    77 |
| >= 0 to < 4        |     2 |
| >= 4 to < 6        |    18 |
| >= 6 to < 8        |     2 |
| >= 8 to < 10       |    18 |
| >= 10 to < 12      |     1 |
| >= 12 to < 14      |     6 |
| >= 14 to < 16      |     2 |
| >= 16              |    28 |
+--------------------+-------+
* Control sets can be remapped at either synth_design or opt_design


3. Flip-Flop Distribution
-------------------------

+--------------+-----------------------+------------------------+-----------------+--------------+
| Clock Enable | Synchronous Set/Reset | Asynchronous Set/Reset | Total Registers | Total Slices |
+--------------+-----------------------+------------------------+-----------------+--------------+
| No           | No                    | No                     |             460 |          175 |
| No           | No                    | Yes                    |             239 |           51 |
| No           | Yes                   | No                     |             142 |           44 |
| Yes          | No                    | No                     |             445 |          103 |
| Yes          | No                    | Yes                    |              96 |           29 |
| Yes          | Yes                   | No                     |             258 |           80 |
+--------------+-----------------------+------------------------+-----------------+--------------+


4. Detailed Control Set Information
-----------------------------------

+-----------------------------------------------------------------------------------------------------+----------------------------------------------------------------------------------------------------------------------------------------------------------------+-------------------------------------------------------------------------------------------------------------------------------------+------------------+----------------+--------------+
|                                             Clock Signal                                            |                                                                          Enable Signal                                                                         |                                                           Set/Reset Signal                                                          | Slice Load Count | Bel Load Count | Bels / Slice |
+-----------------------------------------------------------------------------------------------------+----------------------------------------------------------------------------------------------------------------------------------------------------------------+-------------------------------------------------------------------------------------------------------------------------------------+------------------+----------------+--------------+
|  design_1_i/axi_ppm_0/U0/axi_ppm_v1_0_S00_AXI_inst/my_ppm_generation/next_PPM_OUT_reg_i_2_n_0       |                                                                                                                                                                |                                                                                                                                     |                1 |              1 |         1.00 |
|  design_1_i/processing_system7_0/inst/FCLK_CLK0                                                     | design_1_i/ps7_0_axi_periph/s00_couplers/auto_pc/inst/gen_axilite.gen_b2s_conv.axilite_b2s/WR.b_channel_0/bid_fifo_0/bresp_push                                |                                                                                                                                     |                1 |              2 |         2.00 |
|  design_1_i/processing_system7_0/inst/FCLK_CLK0                                                     | design_1_i/axi_gpio_0/U0/AXI_LITE_IPIF_I/I_SLAVE_ATTACHMENT/bus2ip_addr_i[8]_i_1_n_0                                                                           | design_1_i/axi_gpio_0/U0/AXI_LITE_IPIF_I/I_SLAVE_ATTACHMENT/SR[0]                                                                   |                1 |              4 |         4.00 |
|  design_1_i/processing_system7_0/inst/FCLK_CLK0                                                     | design_1_i/axi_gpio_0/U0/AXI_LITE_IPIF_I/I_SLAVE_ATTACHMENT/start2                                                                                             | design_1_i/axi_gpio_0/U0/AXI_LITE_IPIF_I/I_SLAVE_ATTACHMENT/I_DECODER/cs_ce_clr                                                     |                1 |              4 |         4.00 |
|  design_1_i/processing_system7_0/inst/FCLK_CLK0                                                     | design_1_i/axi_ppm_0/U0/axi_ppm_v1_0_S00_AXI_inst/axi_awready0                                                                                                 | design_1_i/axi_ppm_0/U0/axi_ppm_v1_0_S00_AXI_inst/my_ppm_detect/SR[0]                                                               |                1 |              4 |         4.00 |
|  design_1_i/processing_system7_0/inst/FCLK_CLK0                                                     |                                                                                                                                                                | design_1_i/axi_gpio_0/U0/AXI_LITE_IPIF_I/I_SLAVE_ATTACHMENT/clear                                                                   |                1 |              4 |         4.00 |
|  design_1_i/processing_system7_0/inst/FCLK_CLK0                                                     | design_1_i/axi_gpio_1/U0/AXI_LITE_IPIF_I/I_SLAVE_ATTACHMENT/bus2ip_addr_i[8]_i_1_n_0                                                                           | design_1_i/axi_gpio_1/U0/AXI_LITE_IPIF_I/I_SLAVE_ATTACHMENT/SR[0]                                                                   |                1 |              4 |         4.00 |
|  design_1_i/processing_system7_0/inst/FCLK_CLK0                                                     | design_1_i/axi_ppm_0/U0/axi_ppm_v1_0_S00_AXI_inst/axi_arready0                                                                                                 | design_1_i/axi_ppm_0/U0/axi_ppm_v1_0_S00_AXI_inst/my_ppm_detect/SR[0]                                                               |                2 |              4 |         2.00 |
|  design_1_i/processing_system7_0/inst/FCLK_CLK0                                                     |                                                                                                                                                                | design_1_i/axi_gpio_2/U0/AXI_LITE_IPIF_I/I_SLAVE_ATTACHMENT/clear                                                                   |                1 |              4 |         4.00 |
|  design_1_i/processing_system7_0/inst/FCLK_CLK0                                                     | design_1_i/axi_gpio_1/U0/AXI_LITE_IPIF_I/I_SLAVE_ATTACHMENT/start2                                                                                             | design_1_i/axi_gpio_1/U0/AXI_LITE_IPIF_I/I_SLAVE_ATTACHMENT/I_DECODER/cs_ce_clr                                                     |                1 |              4 |         4.00 |
|  design_1_i/processing_system7_0/inst/FCLK_CLK0                                                     | design_1_i/axi_gpio_2/U0/AXI_LITE_IPIF_I/I_SLAVE_ATTACHMENT/bus2ip_addr_i[8]_i_1_n_0                                                                           | design_1_i/axi_gpio_2/U0/AXI_LITE_IPIF_I/I_SLAVE_ATTACHMENT/SR[0]                                                                   |                1 |              4 |         4.00 |
|  design_1_i/processing_system7_0/inst/FCLK_CLK0                                                     |                                                                                                                                                                | design_1_i/axi_gpio_1/U0/AXI_LITE_IPIF_I/I_SLAVE_ATTACHMENT/clear                                                                   |                1 |              4 |         4.00 |
|  design_1_i/processing_system7_0/inst/FCLK_CLK0                                                     | design_1_i/axi_gpio_2/U0/AXI_LITE_IPIF_I/I_SLAVE_ATTACHMENT/start2                                                                                             | design_1_i/axi_gpio_2/U0/AXI_LITE_IPIF_I/I_SLAVE_ATTACHMENT/I_DECODER/cs_ce_clr                                                     |                2 |              4 |         2.00 |
|  design_1_i/processing_system7_0/inst/FCLK_CLK0                                                     |                                                                                                                                                                | design_1_i/rst_ps7_0_100M/U0/EXT_LPF/lpf_int                                                                                        |                1 |              4 |         4.00 |
|  design_1_i/processing_system7_0/inst/FCLK_CLK0                                                     |                                                                                                                                                                | design_1_i/ps7_0_axi_periph/s00_couplers/auto_pc/inst/gen_axilite.gen_b2s_conv.axilite_b2s/SI_REG/ar.ar_pipe/aresetn_d_reg[1]_inv_0 |                2 |              4 |         2.00 |
|  design_1_i/processing_system7_0/inst/FCLK_CLK0                                                     |                                                                                                                                                                | design_1_i/ps7_0_axi_periph/s00_couplers/auto_pc/inst/gen_axilite.gen_b2s_conv.axilite_b2s/SI_REG/aw.aw_pipe/aresetn_d_reg[0]_0     |                2 |              4 |         2.00 |
|  design_1_i/processing_system7_0/inst/FCLK_CLK0                                                     | design_1_i/ps7_0_axi_periph/s00_couplers/auto_pc/inst/gen_axilite.gen_b2s_conv.axilite_b2s/RD.r_channel_0/transaction_fifo_0/cnt_read[4]_i_1__0_n_0            | design_1_i/ps7_0_axi_periph/s00_couplers/auto_pc/inst/gen_axilite.gen_b2s_conv.axilite_b2s/areset_d1                                |                2 |              5 |         2.50 |
|  design_1_i/processing_system7_0/inst/FCLK_CLK0                                                     | design_1_i/ps7_0_axi_periph/s00_couplers/auto_pc/inst/gen_axilite.gen_b2s_conv.axilite_b2s/RD.r_channel_0/rd_data_fifo_0/cnt_read[4]_i_1_n_0                   | design_1_i/ps7_0_axi_periph/s00_couplers/auto_pc/inst/gen_axilite.gen_b2s_conv.axilite_b2s/areset_d1                                |                2 |              5 |         2.50 |
|  design_1_i/processing_system7_0/inst/FCLK_CLK0                                                     |                                                                                                                                                                | design_1_i/axi_gpio_2/U0/AXI_LITE_IPIF_I/I_SLAVE_ATTACHMENT/I_DECODER/bus2ip_rnw_i_reg_0                                            |                2 |              5 |         2.50 |
|  design_1_i/processing_system7_0/inst/FCLK_CLK0                                                     | design_1_i/axi_gpio_2/U0/AXI_LITE_IPIF_I/I_SLAVE_ATTACHMENT/I_DECODER/bus2ip_rnw_i_reg[0]                                                                      | design_1_i/axi_gpio_2/U0/AXI_LITE_IPIF_I/I_SLAVE_ATTACHMENT/SR[0]                                                                   |                1 |              5 |         5.00 |
|  design_1_i/processing_system7_0/inst/FCLK_CLK0                                                     | design_1_i/rst_ps7_0_100M/U0/SEQ/seq_cnt_en                                                                                                                    | design_1_i/rst_ps7_0_100M/U0/SEQ/SEQ_COUNTER/clear                                                                                  |                1 |              6 |         6.00 |
|  design_1_i/processing_system7_0/inst/FCLK_CLK0                                                     | design_1_i/axi_gpio_2/U0/AXI_LITE_IPIF_I/I_SLAVE_ATTACHMENT/s_axi_rresp_i                                                                                      | design_1_i/axi_gpio_2/U0/AXI_LITE_IPIF_I/I_SLAVE_ATTACHMENT/SR[0]                                                                   |                1 |              6 |         6.00 |
|  design_1_i/processing_system7_0/inst/FCLK_CLK0                                                     |                                                                                                                                                                | design_1_i/axi_gpio_0/U0/gpio_core_1/Read_Reg_Rst__0                                                                                |                1 |              8 |         8.00 |
|  design_1_i/processing_system7_0/inst/FCLK_CLK0                                                     | design_1_i/axi_ppm_0/U0/axi_ppm_v1_0_S00_AXI_inst/slv_reg3[23]_i_1_n_0                                                                                         | design_1_i/axi_ppm_0/U0/axi_ppm_v1_0_S00_AXI_inst/my_ppm_detect/SR[0]                                                               |                2 |              8 |         4.00 |
|  design_1_i/processing_system7_0/inst/FCLK_CLK0                                                     | design_1_i/axi_ppm_0/U0/axi_ppm_v1_0_S00_AXI_inst/p_1_in[15]                                                                                                   | design_1_i/axi_ppm_0/U0/axi_ppm_v1_0_S00_AXI_inst/my_ppm_detect/SR[0]                                                               |                2 |              8 |         4.00 |
|  design_1_i/processing_system7_0/inst/FCLK_CLK0                                                     | design_1_i/axi_ppm_0/U0/axi_ppm_v1_0_S00_AXI_inst/p_1_in[23]                                                                                                   | design_1_i/axi_ppm_0/U0/axi_ppm_v1_0_S00_AXI_inst/my_ppm_detect/SR[0]                                                               |                2 |              8 |         4.00 |
|  design_1_i/processing_system7_0/inst/FCLK_CLK0                                                     | design_1_i/axi_ppm_0/U0/axi_ppm_v1_0_S00_AXI_inst/p_1_in[31]                                                                                                   | design_1_i/axi_ppm_0/U0/axi_ppm_v1_0_S00_AXI_inst/my_ppm_detect/SR[0]                                                               |                2 |              8 |         4.00 |
|  design_1_i/processing_system7_0/inst/FCLK_CLK0                                                     | design_1_i/axi_ppm_0/U0/axi_ppm_v1_0_S00_AXI_inst/p_1_in[7]                                                                                                    | design_1_i/axi_ppm_0/U0/axi_ppm_v1_0_S00_AXI_inst/my_ppm_detect/SR[0]                                                               |                1 |              8 |         8.00 |
|  design_1_i/processing_system7_0/inst/FCLK_CLK0                                                     | design_1_i/axi_ppm_0/U0/axi_ppm_v1_0_S00_AXI_inst/slv_reg2[15]_i_1_n_0                                                                                         | design_1_i/axi_ppm_0/U0/axi_ppm_v1_0_S00_AXI_inst/my_ppm_detect/SR[0]                                                               |                3 |              8 |         2.67 |
|  design_1_i/processing_system7_0/inst/FCLK_CLK0                                                     | design_1_i/axi_ppm_0/U0/axi_ppm_v1_0_S00_AXI_inst/slv_reg3[7]_i_1_n_0                                                                                          | design_1_i/axi_ppm_0/U0/axi_ppm_v1_0_S00_AXI_inst/my_ppm_detect/SR[0]                                                               |                2 |              8 |         4.00 |
|  design_1_i/processing_system7_0/inst/FCLK_CLK0                                                     | design_1_i/axi_gpio_1/U0/AXI_LITE_IPIF_I/I_SLAVE_ATTACHMENT/I_DECODER/bus2ip_rnw_i_reg[0]                                                                      | design_1_i/axi_gpio_1/U0/AXI_LITE_IPIF_I/I_SLAVE_ATTACHMENT/SR[0]                                                                   |                2 |              8 |         4.00 |
|  design_1_i/processing_system7_0/inst/FCLK_CLK0                                                     | design_1_i/axi_ppm_0/U0/axi_ppm_v1_0_S00_AXI_inst/slv_reg3[15]_i_1_n_0                                                                                         | design_1_i/axi_ppm_0/U0/axi_ppm_v1_0_S00_AXI_inst/my_ppm_detect/SR[0]                                                               |                3 |              8 |         2.67 |
|  design_1_i/processing_system7_0/inst/FCLK_CLK0                                                     | design_1_i/axi_ppm_0/U0/axi_ppm_v1_0_S00_AXI_inst/slv_reg2[23]_i_1_n_0                                                                                         | design_1_i/axi_ppm_0/U0/axi_ppm_v1_0_S00_AXI_inst/my_ppm_detect/SR[0]                                                               |                2 |              8 |         4.00 |
|  design_1_i/processing_system7_0/inst/FCLK_CLK0                                                     | design_1_i/axi_ppm_0/U0/axi_ppm_v1_0_S00_AXI_inst/slv_reg2[31]_i_1_n_0                                                                                         | design_1_i/axi_ppm_0/U0/axi_ppm_v1_0_S00_AXI_inst/my_ppm_detect/SR[0]                                                               |                1 |              8 |         8.00 |
|  design_1_i/processing_system7_0/inst/FCLK_CLK0                                                     |                                                                                                                                                                | design_1_i/axi_gpio_1/U0/AXI_LITE_IPIF_I/I_SLAVE_ATTACHMENT/I_DECODER/bus2ip_rnw_i_reg_0                                            |                2 |              8 |         4.00 |
|  design_1_i/processing_system7_0/inst/FCLK_CLK0                                                     | design_1_i/axi_ppm_0/U0/axi_ppm_v1_0_S00_AXI_inst/slv_reg2[7]_i_1_n_0                                                                                          | design_1_i/axi_ppm_0/U0/axi_ppm_v1_0_S00_AXI_inst/my_ppm_detect/SR[0]                                                               |                2 |              8 |         4.00 |
|  design_1_i/processing_system7_0/inst/FCLK_CLK0                                                     | design_1_i/axi_ppm_0/U0/axi_ppm_v1_0_S00_AXI_inst/slv_reg3[31]_i_1_n_0                                                                                         | design_1_i/axi_ppm_0/U0/axi_ppm_v1_0_S00_AXI_inst/my_ppm_detect/SR[0]                                                               |                2 |              8 |         4.00 |
|  design_1_i/processing_system7_0/inst/FCLK_CLK0                                                     | design_1_i/ps7_0_axi_periph/s00_couplers/auto_pc/inst/gen_axilite.gen_b2s_conv.axilite_b2s/WR.b_channel_0/mhandshake_r                                         | design_1_i/ps7_0_axi_periph/s00_couplers/auto_pc/inst/gen_axilite.gen_b2s_conv.axilite_b2s/WR.b_channel_0/bid_fifo_0/SR[0]          |                2 |              8 |         4.00 |
|  design_1_i/processing_system7_0/inst/FCLK_CLK0                                                     | design_1_i/axi_gpio_1/U0/AXI_LITE_IPIF_I/I_SLAVE_ATTACHMENT/s_axi_rresp_i                                                                                      | design_1_i/axi_gpio_1/U0/AXI_LITE_IPIF_I/I_SLAVE_ATTACHMENT/SR[0]                                                                   |                3 |              9 |         3.00 |
|  design_1_i/processing_system7_0/inst/FCLK_CLK0                                                     | design_1_i/axi_gpio_0/U0/AXI_LITE_IPIF_I/I_SLAVE_ATTACHMENT/s_axi_rresp_i                                                                                      | design_1_i/axi_gpio_0/U0/AXI_LITE_IPIF_I/I_SLAVE_ATTACHMENT/SR[0]                                                                   |                3 |              9 |         3.00 |
|  design_1_i/processing_system7_0/inst/FCLK_CLK0                                                     |                                                                                                                                                                | design_1_i/ps7_0_axi_periph/s00_couplers/auto_pc/inst/gen_axilite.gen_b2s_conv.axilite_b2s/areset_d1                                |                4 |             10 |         2.50 |
|  design_1_i/processing_system7_0/inst/FCLK_CLK0                                                     | design_1_i/ps7_0_axi_periph/s00_couplers/auto_pc/inst/gen_axilite.gen_b2s_conv.axilite_b2s/WR.aw_channel_0/aw_cmd_fsm_0/FSM_sequential_state_reg[1]_0[0]       |                                                                                                                                     |                6 |             12 |         2.00 |
|  design_1_i/processing_system7_0/inst/FCLK_CLK0                                                     | design_1_i/ps7_0_axi_periph/s00_couplers/auto_pc/inst/gen_axilite.gen_b2s_conv.axilite_b2s/RD.ar_channel_0/ar_cmd_fsm_0/sel_first_reg[0]                       |                                                                                                                                     |                4 |             12 |         3.00 |
|  design_1_i/processing_system7_0/inst/FCLK_CLK0                                                     | design_1_i/ps7_0_axi_periph/s00_couplers/auto_pc/inst/gen_axilite.gen_b2s_conv.axilite_b2s/RD.ar_channel_0/ar_cmd_fsm_0/E[0]                                   |                                                                                                                                     |                6 |             12 |         2.00 |
|  design_1_i/processing_system7_0/inst/FCLK_CLK0                                                     | design_1_i/ps7_0_axi_periph/s00_couplers/auto_pc/inst/gen_axilite.gen_b2s_conv.axilite_b2s/WR.aw_channel_0/cmd_translator_0/incr_cmd_0/axaddr_incr[11]_i_1_n_0 |                                                                                                                                     |                2 |             12 |         6.00 |
|  design_1_i/processing_system7_0/inst/FCLK_CLK0                                                     |                                                                                                                                                                | design_1_i/ps7_0_axi_periph/xbar/inst/gen_sasd.crossbar_sasd_0/addr_arbiter_inst/SR[0]                                              |                5 |             13 |         2.60 |
|  design_1_i/processing_system7_0/inst/FCLK_CLK0                                                     | design_1_i/ps7_0_axi_periph/s00_couplers/auto_pc/inst/gen_axilite.gen_b2s_conv.axilite_b2s/RD.r_channel_0/r_push_r                                             |                                                                                                                                     |                4 |             13 |         3.25 |
|  design_1_i/processing_system7_0/inst/FCLK_CLK0                                                     | design_1_i/ps7_0_axi_periph/s00_couplers/auto_pc/inst/gen_axilite.gen_b2s_conv.axilite_b2s/SI_REG/b.b_pipe/p_1_in                                              |                                                                                                                                     |                2 |             14 |         7.00 |
|  design_1_i/processing_system7_0/inst/FCLK_CLK0                                                     | design_1_i/ps7_0_axi_periph/s00_couplers/auto_pc/inst/gen_axilite.gen_b2s_conv.axilite_b2s/SI_REG/b.b_pipe/s_ready_i_reg_0                                     |                                                                                                                                     |                2 |             14 |         7.00 |
|  design_1_i/processing_system7_0/inst/FCLK_CLK0                                                     | design_1_i/ps7_0_axi_periph/s00_couplers/auto_pc/inst/gen_axilite.gen_b2s_conv.axilite_b2s/WR.b_channel_0/bid_fifo_0/sel                                       |                                                                                                                                     |                3 |             16 |         5.33 |
|  design_1_i/processing_system7_0/inst/FCLK_CLK0                                                     | design_1_i/axi_gpio_0/U0/AXI_LITE_IPIF_I/I_SLAVE_ATTACHMENT/I_DECODER/E[0]                                                                                     | design_1_i/axi_gpio_0/U0/AXI_LITE_IPIF_I/I_SLAVE_ATTACHMENT/SR[0]                                                                   |                3 |             16 |         5.33 |
|  design_1_i/processing_system7_0/inst/FCLK_CLK0                                                     |                                                                                                                                                                | design_1_i/axi_gpio_2/U0/AXI_LITE_IPIF_I/I_SLAVE_ATTACHMENT/SR[0]                                                                   |                6 |             21 |         3.50 |
|  design_1_i/processing_system7_0/inst/FCLK_CLK0                                                     | design_1_i/ps7_0_axi_periph/xbar/inst/gen_sasd.crossbar_sasd_0/addr_arbiter_inst/p_0_in1_in                                                                    | design_1_i/ps7_0_axi_periph/xbar/inst/gen_sasd.crossbar_sasd_0/addr_arbiter_inst/SR[0]                                              |                8 |             21 |         2.62 |
|  design_1_i/processing_system7_0/inst/FCLK_CLK0                                                     | design_1_i/ps7_0_axi_periph/s00_couplers/auto_pc/inst/gen_axilite.gen_b2s_conv.axilite_b2s/RD.ar_channel_0/ar_cmd_fsm_0/m_valid_i_reg[0]                       |                                                                                                                                     |                7 |             24 |         3.43 |
|  design_1_i/processing_system7_0/inst/FCLK_CLK0                                                     |                                                                                                                                                                | design_1_i/axi_gpio_0/U0/AXI_LITE_IPIF_I/I_SLAVE_ATTACHMENT/SR[0]                                                                   |                7 |             24 |         3.43 |
|  design_1_i/processing_system7_0/inst/FCLK_CLK0                                                     |                                                                                                                                                                | design_1_i/axi_gpio_1/U0/AXI_LITE_IPIF_I/I_SLAVE_ATTACHMENT/SR[0]                                                                   |                7 |             24 |         3.43 |
|  design_1_i/processing_system7_0/inst/FCLK_CLK0                                                     | design_1_i/ps7_0_axi_periph/s00_couplers/auto_pc/inst/gen_axilite.gen_b2s_conv.axilite_b2s/WR.aw_channel_0/aw_cmd_fsm_0/E[0]                                   |                                                                                                                                     |                8 |             24 |         3.00 |
|  design_1_i/axi_ppm_0/U0/axi_ppm_v1_0_S00_AXI_inst/my_ppm_detect/next_slv_reg7_reg[31]_i_2_n_0_BUFG |                                                                                                                                                                |                                                                                                                                     |               18 |             32 |         1.78 |
|  design_1_i/processing_system7_0/inst/FCLK_CLK0                                                     | design_1_i/axi_ppm_0/U0/axi_ppm_v1_0_S00_AXI_inst/my_ppm_detect/ppm_capture_count[0]_i_1_n_0                                                                   | design_1_i/axi_ppm_0/U0/axi_ppm_v1_0_S00_AXI_inst/my_ppm_detect/SR[0]                                                               |                8 |             32 |         4.00 |
|  design_1_i/processing_system7_0/inst/FCLK_CLK0                                                     | design_1_i/axi_ppm_0/U0/axi_ppm_v1_0_S00_AXI_inst/slv_reg_rden                                                                                                 | design_1_i/axi_ppm_0/U0/axi_ppm_v1_0_S00_AXI_inst/my_ppm_detect/SR[0]                                                               |               18 |             32 |         1.78 |
|  design_1_i/processing_system7_0/inst/FCLK_CLK0                                                     | design_1_i/axi_ppm_0/U0/axi_ppm_v1_0_S00_AXI_inst/my_ppm_generation/countChVal[31]_i_1_n_0                                                                     | design_1_i/axi_ppm_0/U0/axi_ppm_v1_0_S00_AXI_inst/my_ppm_detect/SR[0]                                                               |               13 |             32 |         2.46 |
|  design_1_i/processing_system7_0/inst/FCLK_CLK0                                                     | design_1_i/axi_ppm_0/U0/axi_ppm_v1_0_S00_AXI_inst/my_ppm_generation/count_frame_en_reg_0                                                                       | design_1_i/axi_ppm_0/U0/axi_ppm_v1_0_S00_AXI_inst/my_ppm_detect/SR[0]                                                               |                8 |             32 |         4.00 |
|  design_1_i/axi_ppm_0/U0/axi_ppm_v1_0_S00_AXI_inst/my_ppm_detect/next_slv_reg6_reg[31]_i_1_n_0_BUFG |                                                                                                                                                                |                                                                                                                                     |               17 |             32 |         1.88 |
|  design_1_i/axi_ppm_0/U0/axi_ppm_v1_0_S00_AXI_inst/my_ppm_detect/next_slv_reg4_reg[31]_i_2_n_0_BUFG |                                                                                                                                                                |                                                                                                                                     |               14 |             32 |         2.29 |
|  design_1_i/axi_ppm_0/U0/axi_ppm_v1_0_S00_AXI_inst/my_ppm_detect/next_slv_reg8_reg[31]_i_1_n_0_BUFG |                                                                                                                                                                |                                                                                                                                     |               15 |             32 |         2.13 |
|  design_1_i/axi_ppm_0/U0/axi_ppm_v1_0_S00_AXI_inst/my_ppm_detect/next_slv_reg5_reg[31]_i_2_n_0_BUFG |                                                                                                                                                                |                                                                                                                                     |               14 |             32 |         2.29 |
|  design_1_i/processing_system7_0/inst/FCLK_CLK0                                                     | design_1_i/ps7_0_axi_periph/s00_couplers/auto_pc/inst/gen_axilite.gen_b2s_conv.axilite_b2s/RD.r_channel_0/rd_data_fifo_0/wr_en0                                |                                                                                                                                     |                9 |             34 |         3.78 |
|  design_1_i/processing_system7_0/inst/FCLK_CLK0                                                     | design_1_i/ps7_0_axi_periph/xbar/inst/gen_sasd.crossbar_sasd_0/addr_arbiter_inst/E[0]                                                                          |                                                                                                                                     |                8 |             35 |         4.38 |
|  design_1_i/processing_system7_0/inst/FCLK_CLK0                                                     | design_1_i/ps7_0_axi_periph/s00_couplers/auto_pc/inst/gen_axilite.gen_b2s_conv.axilite_b2s/SI_REG/r.r_pipe/s_ready_i_reg_0                                     |                                                                                                                                     |                9 |             47 |         5.22 |
|  design_1_i/processing_system7_0/inst/FCLK_CLK0                                                     | design_1_i/ps7_0_axi_periph/s00_couplers/auto_pc/inst/gen_axilite.gen_b2s_conv.axilite_b2s/SI_REG/r.r_pipe/p_1_in                                              |                                                                                                                                     |                9 |             47 |         5.22 |
|  design_1_i/processing_system7_0/inst/FCLK_CLK0                                                     | design_1_i/ps7_0_axi_periph/s00_couplers/auto_pc/inst/gen_axilite.gen_b2s_conv.axilite_b2s/WR.b_channel_0/bid_fifo_0/E[0]                                      |                                                                                                                                     |               11 |             48 |         4.36 |
|  design_1_i/processing_system7_0/inst/FCLK_CLK0                                                     | design_1_i/ps7_0_axi_periph/s00_couplers/auto_pc/inst/gen_axilite.gen_b2s_conv.axilite_b2s/RD.ar_channel_0/ar_cmd_fsm_0/m_valid_i_reg_1[0]                     |                                                                                                                                     |               10 |             48 |         4.80 |
|  design_1_i/processing_system7_0/inst/FCLK_CLK0                                                     | design_1_i/ps7_0_axi_periph/s00_couplers/auto_pc/inst/gen_axilite.gen_b2s_conv.axilite_b2s/SI_REG/aw.aw_pipe/s_ready_i_reg_0                                   |                                                                                                                                     |                8 |             48 |         6.00 |
|  design_1_i/processing_system7_0/inst/FCLK_CLK0                                                     | design_1_i/ps7_0_axi_periph/s00_couplers/auto_pc/inst/gen_axilite.gen_b2s_conv.axilite_b2s/SI_REG/ar.ar_pipe/s_ready_i_reg_0                                   |                                                                                                                                     |               11 |             48 |         4.36 |
|  design_1_i/axi_ppm_0/U0/axi_ppm_v1_0_S00_AXI_inst/my_ppm_detect/next_slv_reg1_reg[31]_i_2_n_0_BUFG |                                                                                                                                                                |                                                                                                                                     |               24 |             64 |         2.67 |
|  design_1_i/processing_system7_0/inst/FCLK_CLK0                                                     |                                                                                                                                                                |                                                                                                                                     |               73 |            236 |         3.23 |
|  design_1_i/processing_system7_0/inst/FCLK_CLK0                                                     |                                                                                                                                                                | design_1_i/axi_ppm_0/U0/axi_ppm_v1_0_S00_AXI_inst/my_ppm_detect/SR[0]                                                               |               53 |            244 |         4.60 |
+-----------------------------------------------------------------------------------------------------+----------------------------------------------------------------------------------------------------------------------------------------------------------------+-------------------------------------------------------------------------------------------------------------------------------------+------------------+----------------+--------------+


