Copyright 1986-2020 Xilinx, Inc. All Rights Reserved.
--------------------------------------------------------------------------------------------------------------------------------------------------------------------------------------
| Tool Version : Vivado v.2020.1 (win64) Build 2902540 Wed May 27 19:54:49 MDT 2020
| Date         : Fri Feb 16 09:26:22 2024
| Host         : CO2041-08 running 64-bit major release  (build 9200)
| Command      : report_methodology -file design_1_wrapper_methodology_drc_routed.rpt -pb design_1_wrapper_methodology_drc_routed.pb -rpx design_1_wrapper_methodology_drc_routed.rpx
| Design       : design_1_wrapper
| Device       : xc7z020clg484-1
| Speed File   : -1
| Design State : Fully Routed
--------------------------------------------------------------------------------------------------------------------------------------------------------------------------------------

Report Methodology

Table of Contents
-----------------
1. REPORT SUMMARY
2. REPORT DETAILS

1. REPORT SUMMARY
-----------------
            Netlist: netlist
          Floorplan: design_1
      Design limits: <entire design considered>
             Max violations: <unlimited>
             Violations found: 248
+-----------+----------+-------------------------------+------------+
| Rule      | Severity | Description                   | Violations |
+-----------+----------+-------------------------------+------------+
| TIMING-18 | Warning  | Missing input or output delay | 23         |
| TIMING-20 | Warning  | Non-clocked latch             | 225        |
+-----------+----------+-------------------------------+------------+

2. REPORT DETAILS
-----------------
TIMING-18#1 Warning
Missing input or output delay  
An input delay is missing on PPM_IN_0 relative to clock(s) clk_fpga_0
Related violations: <none>

TIMING-18#2 Warning
Missing input or output delay  
An input delay is missing on btns_5bits_tri_i[0] relative to clock(s) clk_fpga_0
Related violations: <none>

TIMING-18#3 Warning
Missing input or output delay  
An input delay is missing on btns_5bits_tri_i[1] relative to clock(s) clk_fpga_0
Related violations: <none>

TIMING-18#4 Warning
Missing input or output delay  
An input delay is missing on btns_5bits_tri_i[2] relative to clock(s) clk_fpga_0
Related violations: <none>

TIMING-18#5 Warning
Missing input or output delay  
An input delay is missing on btns_5bits_tri_i[3] relative to clock(s) clk_fpga_0
Related violations: <none>

TIMING-18#6 Warning
Missing input or output delay  
An input delay is missing on btns_5bits_tri_i[4] relative to clock(s) clk_fpga_0
Related violations: <none>

TIMING-18#7 Warning
Missing input or output delay  
An input delay is missing on sws_8bits_tri_i[0] relative to clock(s) clk_fpga_0
Related violations: <none>

TIMING-18#8 Warning
Missing input or output delay  
An input delay is missing on sws_8bits_tri_i[1] relative to clock(s) clk_fpga_0
Related violations: <none>

TIMING-18#9 Warning
Missing input or output delay  
An input delay is missing on sws_8bits_tri_i[2] relative to clock(s) clk_fpga_0
Related violations: <none>

TIMING-18#10 Warning
Missing input or output delay  
An input delay is missing on sws_8bits_tri_i[3] relative to clock(s) clk_fpga_0
Related violations: <none>

TIMING-18#11 Warning
Missing input or output delay  
An input delay is missing on sws_8bits_tri_i[4] relative to clock(s) clk_fpga_0
Related violations: <none>

TIMING-18#12 Warning
Missing input or output delay  
An input delay is missing on sws_8bits_tri_i[5] relative to clock(s) clk_fpga_0
Related violations: <none>

TIMING-18#13 Warning
Missing input or output delay  
An input delay is missing on sws_8bits_tri_i[6] relative to clock(s) clk_fpga_0
Related violations: <none>

TIMING-18#14 Warning
Missing input or output delay  
An input delay is missing on sws_8bits_tri_i[7] relative to clock(s) clk_fpga_0
Related violations: <none>

TIMING-18#15 Warning
Missing input or output delay  
An output delay is missing on PPM_OUT_0 relative to clock(s) clk_fpga_0
Related violations: <none>

TIMING-18#16 Warning
Missing input or output delay  
An output delay is missing on leds_8bits_tri_o[0] relative to clock(s) clk_fpga_0
Related violations: <none>

TIMING-18#17 Warning
Missing input or output delay  
An output delay is missing on leds_8bits_tri_o[1] relative to clock(s) clk_fpga_0
Related violations: <none>

TIMING-18#18 Warning
Missing input or output delay  
An output delay is missing on leds_8bits_tri_o[2] relative to clock(s) clk_fpga_0
Related violations: <none>

TIMING-18#19 Warning
Missing input or output delay  
An output delay is missing on leds_8bits_tri_o[3] relative to clock(s) clk_fpga_0
Related violations: <none>

TIMING-18#20 Warning
Missing input or output delay  
An output delay is missing on leds_8bits_tri_o[4] relative to clock(s) clk_fpga_0
Related violations: <none>

TIMING-18#21 Warning
Missing input or output delay  
An output delay is missing on leds_8bits_tri_o[5] relative to clock(s) clk_fpga_0
Related violations: <none>

TIMING-18#22 Warning
Missing input or output delay  
An output delay is missing on leds_8bits_tri_o[6] relative to clock(s) clk_fpga_0
Related violations: <none>

TIMING-18#23 Warning
Missing input or output delay  
An output delay is missing on leds_8bits_tri_o[7] relative to clock(s) clk_fpga_0
Related violations: <none>

TIMING-20#1 Warning
Non-clocked latch  
The latch design_1_i/axi_ppm_0/U0/axi_ppm_v1_0_S00_AXI_inst/my_ppm_detect/next_slv_reg1_reg[0] cannot be properly analyzed as its control pin design_1_i/axi_ppm_0/U0/axi_ppm_v1_0_S00_AXI_inst/my_ppm_detect/next_slv_reg1_reg[0]/G is not reached by a timing clock
Related violations: <none>

TIMING-20#2 Warning
Non-clocked latch  
The latch design_1_i/axi_ppm_0/U0/axi_ppm_v1_0_S00_AXI_inst/my_ppm_detect/next_slv_reg1_reg[10] cannot be properly analyzed as its control pin design_1_i/axi_ppm_0/U0/axi_ppm_v1_0_S00_AXI_inst/my_ppm_detect/next_slv_reg1_reg[10]/G is not reached by a timing clock
Related violations: <none>

TIMING-20#3 Warning
Non-clocked latch  
The latch design_1_i/axi_ppm_0/U0/axi_ppm_v1_0_S00_AXI_inst/my_ppm_detect/next_slv_reg1_reg[11] cannot be properly analyzed as its control pin design_1_i/axi_ppm_0/U0/axi_ppm_v1_0_S00_AXI_inst/my_ppm_detect/next_slv_reg1_reg[11]/G is not reached by a timing clock
Related violations: <none>

TIMING-20#4 Warning
Non-clocked latch  
The latch design_1_i/axi_ppm_0/U0/axi_ppm_v1_0_S00_AXI_inst/my_ppm_detect/next_slv_reg1_reg[12] cannot be properly analyzed as its control pin design_1_i/axi_ppm_0/U0/axi_ppm_v1_0_S00_AXI_inst/my_ppm_detect/next_slv_reg1_reg[12]/G is not reached by a timing clock
Related violations: <none>

TIMING-20#5 Warning
Non-clocked latch  
The latch design_1_i/axi_ppm_0/U0/axi_ppm_v1_0_S00_AXI_inst/my_ppm_detect/next_slv_reg1_reg[13] cannot be properly analyzed as its control pin design_1_i/axi_ppm_0/U0/axi_ppm_v1_0_S00_AXI_inst/my_ppm_detect/next_slv_reg1_reg[13]/G is not reached by a timing clock
Related violations: <none>

TIMING-20#6 Warning
Non-clocked latch  
The latch design_1_i/axi_ppm_0/U0/axi_ppm_v1_0_S00_AXI_inst/my_ppm_detect/next_slv_reg1_reg[14] cannot be properly analyzed as its control pin design_1_i/axi_ppm_0/U0/axi_ppm_v1_0_S00_AXI_inst/my_ppm_detect/next_slv_reg1_reg[14]/G is not reached by a timing clock
Related violations: <none>

TIMING-20#7 Warning
Non-clocked latch  
The latch design_1_i/axi_ppm_0/U0/axi_ppm_v1_0_S00_AXI_inst/my_ppm_detect/next_slv_reg1_reg[15] cannot be properly analyzed as its control pin design_1_i/axi_ppm_0/U0/axi_ppm_v1_0_S00_AXI_inst/my_ppm_detect/next_slv_reg1_reg[15]/G is not reached by a timing clock
Related violations: <none>

TIMING-20#8 Warning
Non-clocked latch  
The latch design_1_i/axi_ppm_0/U0/axi_ppm_v1_0_S00_AXI_inst/my_ppm_detect/next_slv_reg1_reg[16] cannot be properly analyzed as its control pin design_1_i/axi_ppm_0/U0/axi_ppm_v1_0_S00_AXI_inst/my_ppm_detect/next_slv_reg1_reg[16]/G is not reached by a timing clock
Related violations: <none>

TIMING-20#9 Warning
Non-clocked latch  
The latch design_1_i/axi_ppm_0/U0/axi_ppm_v1_0_S00_AXI_inst/my_ppm_detect/next_slv_reg1_reg[17] cannot be properly analyzed as its control pin design_1_i/axi_ppm_0/U0/axi_ppm_v1_0_S00_AXI_inst/my_ppm_detect/next_slv_reg1_reg[17]/G is not reached by a timing clock
Related violations: <none>

TIMING-20#10 Warning
Non-clocked latch  
The latch design_1_i/axi_ppm_0/U0/axi_ppm_v1_0_S00_AXI_inst/my_ppm_detect/next_slv_reg1_reg[18] cannot be properly analyzed as its control pin design_1_i/axi_ppm_0/U0/axi_ppm_v1_0_S00_AXI_inst/my_ppm_detect/next_slv_reg1_reg[18]/G is not reached by a timing clock
Related violations: <none>

TIMING-20#11 Warning
Non-clocked latch  
The latch design_1_i/axi_ppm_0/U0/axi_ppm_v1_0_S00_AXI_inst/my_ppm_detect/next_slv_reg1_reg[19] cannot be properly analyzed as its control pin design_1_i/axi_ppm_0/U0/axi_ppm_v1_0_S00_AXI_inst/my_ppm_detect/next_slv_reg1_reg[19]/G is not reached by a timing clock
Related violations: <none>

TIMING-20#12 Warning
Non-clocked latch  
The latch design_1_i/axi_ppm_0/U0/axi_ppm_v1_0_S00_AXI_inst/my_ppm_detect/next_slv_reg1_reg[1] cannot be properly analyzed as its control pin design_1_i/axi_ppm_0/U0/axi_ppm_v1_0_S00_AXI_inst/my_ppm_detect/next_slv_reg1_reg[1]/G is not reached by a timing clock
Related violations: <none>

TIMING-20#13 Warning
Non-clocked latch  
The latch design_1_i/axi_ppm_0/U0/axi_ppm_v1_0_S00_AXI_inst/my_ppm_detect/next_slv_reg1_reg[20] cannot be properly analyzed as its control pin design_1_i/axi_ppm_0/U0/axi_ppm_v1_0_S00_AXI_inst/my_ppm_detect/next_slv_reg1_reg[20]/G is not reached by a timing clock
Related violations: <none>

TIMING-20#14 Warning
Non-clocked latch  
The latch design_1_i/axi_ppm_0/U0/axi_ppm_v1_0_S00_AXI_inst/my_ppm_detect/next_slv_reg1_reg[21] cannot be properly analyzed as its control pin design_1_i/axi_ppm_0/U0/axi_ppm_v1_0_S00_AXI_inst/my_ppm_detect/next_slv_reg1_reg[21]/G is not reached by a timing clock
Related violations: <none>

TIMING-20#15 Warning
Non-clocked latch  
The latch design_1_i/axi_ppm_0/U0/axi_ppm_v1_0_S00_AXI_inst/my_ppm_detect/next_slv_reg1_reg[22] cannot be properly analyzed as its control pin design_1_i/axi_ppm_0/U0/axi_ppm_v1_0_S00_AXI_inst/my_ppm_detect/next_slv_reg1_reg[22]/G is not reached by a timing clock
Related violations: <none>

TIMING-20#16 Warning
Non-clocked latch  
The latch design_1_i/axi_ppm_0/U0/axi_ppm_v1_0_S00_AXI_inst/my_ppm_detect/next_slv_reg1_reg[23] cannot be properly analyzed as its control pin design_1_i/axi_ppm_0/U0/axi_ppm_v1_0_S00_AXI_inst/my_ppm_detect/next_slv_reg1_reg[23]/G is not reached by a timing clock
Related violations: <none>

TIMING-20#17 Warning
Non-clocked latch  
The latch design_1_i/axi_ppm_0/U0/axi_ppm_v1_0_S00_AXI_inst/my_ppm_detect/next_slv_reg1_reg[24] cannot be properly analyzed as its control pin design_1_i/axi_ppm_0/U0/axi_ppm_v1_0_S00_AXI_inst/my_ppm_detect/next_slv_reg1_reg[24]/G is not reached by a timing clock
Related violations: <none>

TIMING-20#18 Warning
Non-clocked latch  
The latch design_1_i/axi_ppm_0/U0/axi_ppm_v1_0_S00_AXI_inst/my_ppm_detect/next_slv_reg1_reg[25] cannot be properly analyzed as its control pin design_1_i/axi_ppm_0/U0/axi_ppm_v1_0_S00_AXI_inst/my_ppm_detect/next_slv_reg1_reg[25]/G is not reached by a timing clock
Related violations: <none>

TIMING-20#19 Warning
Non-clocked latch  
The latch design_1_i/axi_ppm_0/U0/axi_ppm_v1_0_S00_AXI_inst/my_ppm_detect/next_slv_reg1_reg[26] cannot be properly analyzed as its control pin design_1_i/axi_ppm_0/U0/axi_ppm_v1_0_S00_AXI_inst/my_ppm_detect/next_slv_reg1_reg[26]/G is not reached by a timing clock
Related violations: <none>

TIMING-20#20 Warning
Non-clocked latch  
The latch design_1_i/axi_ppm_0/U0/axi_ppm_v1_0_S00_AXI_inst/my_ppm_detect/next_slv_reg1_reg[27] cannot be properly analyzed as its control pin design_1_i/axi_ppm_0/U0/axi_ppm_v1_0_S00_AXI_inst/my_ppm_detect/next_slv_reg1_reg[27]/G is not reached by a timing clock
Related violations: <none>

TIMING-20#21 Warning
Non-clocked latch  
The latch design_1_i/axi_ppm_0/U0/axi_ppm_v1_0_S00_AXI_inst/my_ppm_detect/next_slv_reg1_reg[28] cannot be properly analyzed as its control pin design_1_i/axi_ppm_0/U0/axi_ppm_v1_0_S00_AXI_inst/my_ppm_detect/next_slv_reg1_reg[28]/G is not reached by a timing clock
Related violations: <none>

TIMING-20#22 Warning
Non-clocked latch  
The latch design_1_i/axi_ppm_0/U0/axi_ppm_v1_0_S00_AXI_inst/my_ppm_detect/next_slv_reg1_reg[29] cannot be properly analyzed as its control pin design_1_i/axi_ppm_0/U0/axi_ppm_v1_0_S00_AXI_inst/my_ppm_detect/next_slv_reg1_reg[29]/G is not reached by a timing clock
Related violations: <none>

TIMING-20#23 Warning
Non-clocked latch  
The latch design_1_i/axi_ppm_0/U0/axi_ppm_v1_0_S00_AXI_inst/my_ppm_detect/next_slv_reg1_reg[2] cannot be properly analyzed as its control pin design_1_i/axi_ppm_0/U0/axi_ppm_v1_0_S00_AXI_inst/my_ppm_detect/next_slv_reg1_reg[2]/G is not reached by a timing clock
Related violations: <none>

TIMING-20#24 Warning
Non-clocked latch  
The latch design_1_i/axi_ppm_0/U0/axi_ppm_v1_0_S00_AXI_inst/my_ppm_detect/next_slv_reg1_reg[30] cannot be properly analyzed as its control pin design_1_i/axi_ppm_0/U0/axi_ppm_v1_0_S00_AXI_inst/my_ppm_detect/next_slv_reg1_reg[30]/G is not reached by a timing clock
Related violations: <none>

TIMING-20#25 Warning
Non-clocked latch  
The latch design_1_i/axi_ppm_0/U0/axi_ppm_v1_0_S00_AXI_inst/my_ppm_detect/next_slv_reg1_reg[31] cannot be properly analyzed as its control pin design_1_i/axi_ppm_0/U0/axi_ppm_v1_0_S00_AXI_inst/my_ppm_detect/next_slv_reg1_reg[31]/G is not reached by a timing clock
Related violations: <none>

TIMING-20#26 Warning
Non-clocked latch  
The latch design_1_i/axi_ppm_0/U0/axi_ppm_v1_0_S00_AXI_inst/my_ppm_detect/next_slv_reg1_reg[3] cannot be properly analyzed as its control pin design_1_i/axi_ppm_0/U0/axi_ppm_v1_0_S00_AXI_inst/my_ppm_detect/next_slv_reg1_reg[3]/G is not reached by a timing clock
Related violations: <none>

TIMING-20#27 Warning
Non-clocked latch  
The latch design_1_i/axi_ppm_0/U0/axi_ppm_v1_0_S00_AXI_inst/my_ppm_detect/next_slv_reg1_reg[4] cannot be properly analyzed as its control pin design_1_i/axi_ppm_0/U0/axi_ppm_v1_0_S00_AXI_inst/my_ppm_detect/next_slv_reg1_reg[4]/G is not reached by a timing clock
Related violations: <none>

TIMING-20#28 Warning
Non-clocked latch  
The latch design_1_i/axi_ppm_0/U0/axi_ppm_v1_0_S00_AXI_inst/my_ppm_detect/next_slv_reg1_reg[5] cannot be properly analyzed as its control pin design_1_i/axi_ppm_0/U0/axi_ppm_v1_0_S00_AXI_inst/my_ppm_detect/next_slv_reg1_reg[5]/G is not reached by a timing clock
Related violations: <none>

TIMING-20#29 Warning
Non-clocked latch  
The latch design_1_i/axi_ppm_0/U0/axi_ppm_v1_0_S00_AXI_inst/my_ppm_detect/next_slv_reg1_reg[6] cannot be properly analyzed as its control pin design_1_i/axi_ppm_0/U0/axi_ppm_v1_0_S00_AXI_inst/my_ppm_detect/next_slv_reg1_reg[6]/G is not reached by a timing clock
Related violations: <none>

TIMING-20#30 Warning
Non-clocked latch  
The latch design_1_i/axi_ppm_0/U0/axi_ppm_v1_0_S00_AXI_inst/my_ppm_detect/next_slv_reg1_reg[7] cannot be properly analyzed as its control pin design_1_i/axi_ppm_0/U0/axi_ppm_v1_0_S00_AXI_inst/my_ppm_detect/next_slv_reg1_reg[7]/G is not reached by a timing clock
Related violations: <none>

TIMING-20#31 Warning
Non-clocked latch  
The latch design_1_i/axi_ppm_0/U0/axi_ppm_v1_0_S00_AXI_inst/my_ppm_detect/next_slv_reg1_reg[8] cannot be properly analyzed as its control pin design_1_i/axi_ppm_0/U0/axi_ppm_v1_0_S00_AXI_inst/my_ppm_detect/next_slv_reg1_reg[8]/G is not reached by a timing clock
Related violations: <none>

TIMING-20#32 Warning
Non-clocked latch  
The latch design_1_i/axi_ppm_0/U0/axi_ppm_v1_0_S00_AXI_inst/my_ppm_detect/next_slv_reg1_reg[9] cannot be properly analyzed as its control pin design_1_i/axi_ppm_0/U0/axi_ppm_v1_0_S00_AXI_inst/my_ppm_detect/next_slv_reg1_reg[9]/G is not reached by a timing clock
Related violations: <none>

TIMING-20#33 Warning
Non-clocked latch  
The latch design_1_i/axi_ppm_0/U0/axi_ppm_v1_0_S00_AXI_inst/my_ppm_detect/next_slv_reg4_reg[0] cannot be properly analyzed as its control pin design_1_i/axi_ppm_0/U0/axi_ppm_v1_0_S00_AXI_inst/my_ppm_detect/next_slv_reg4_reg[0]/G is not reached by a timing clock
Related violations: <none>

TIMING-20#34 Warning
Non-clocked latch  
The latch design_1_i/axi_ppm_0/U0/axi_ppm_v1_0_S00_AXI_inst/my_ppm_detect/next_slv_reg4_reg[10] cannot be properly analyzed as its control pin design_1_i/axi_ppm_0/U0/axi_ppm_v1_0_S00_AXI_inst/my_ppm_detect/next_slv_reg4_reg[10]/G is not reached by a timing clock
Related violations: <none>

TIMING-20#35 Warning
Non-clocked latch  
The latch design_1_i/axi_ppm_0/U0/axi_ppm_v1_0_S00_AXI_inst/my_ppm_detect/next_slv_reg4_reg[11] cannot be properly analyzed as its control pin design_1_i/axi_ppm_0/U0/axi_ppm_v1_0_S00_AXI_inst/my_ppm_detect/next_slv_reg4_reg[11]/G is not reached by a timing clock
Related violations: <none>

TIMING-20#36 Warning
Non-clocked latch  
The latch design_1_i/axi_ppm_0/U0/axi_ppm_v1_0_S00_AXI_inst/my_ppm_detect/next_slv_reg4_reg[12] cannot be properly analyzed as its control pin design_1_i/axi_ppm_0/U0/axi_ppm_v1_0_S00_AXI_inst/my_ppm_detect/next_slv_reg4_reg[12]/G is not reached by a timing clock
Related violations: <none>

TIMING-20#37 Warning
Non-clocked latch  
The latch design_1_i/axi_ppm_0/U0/axi_ppm_v1_0_S00_AXI_inst/my_ppm_detect/next_slv_reg4_reg[13] cannot be properly analyzed as its control pin design_1_i/axi_ppm_0/U0/axi_ppm_v1_0_S00_AXI_inst/my_ppm_detect/next_slv_reg4_reg[13]/G is not reached by a timing clock
Related violations: <none>

TIMING-20#38 Warning
Non-clocked latch  
The latch design_1_i/axi_ppm_0/U0/axi_ppm_v1_0_S00_AXI_inst/my_ppm_detect/next_slv_reg4_reg[14] cannot be properly analyzed as its control pin design_1_i/axi_ppm_0/U0/axi_ppm_v1_0_S00_AXI_inst/my_ppm_detect/next_slv_reg4_reg[14]/G is not reached by a timing clock
Related violations: <none>

TIMING-20#39 Warning
Non-clocked latch  
The latch design_1_i/axi_ppm_0/U0/axi_ppm_v1_0_S00_AXI_inst/my_ppm_detect/next_slv_reg4_reg[15] cannot be properly analyzed as its control pin design_1_i/axi_ppm_0/U0/axi_ppm_v1_0_S00_AXI_inst/my_ppm_detect/next_slv_reg4_reg[15]/G is not reached by a timing clock
Related violations: <none>

TIMING-20#40 Warning
Non-clocked latch  
The latch design_1_i/axi_ppm_0/U0/axi_ppm_v1_0_S00_AXI_inst/my_ppm_detect/next_slv_reg4_reg[16] cannot be properly analyzed as its control pin design_1_i/axi_ppm_0/U0/axi_ppm_v1_0_S00_AXI_inst/my_ppm_detect/next_slv_reg4_reg[16]/G is not reached by a timing clock
Related violations: <none>

TIMING-20#41 Warning
Non-clocked latch  
The latch design_1_i/axi_ppm_0/U0/axi_ppm_v1_0_S00_AXI_inst/my_ppm_detect/next_slv_reg4_reg[17] cannot be properly analyzed as its control pin design_1_i/axi_ppm_0/U0/axi_ppm_v1_0_S00_AXI_inst/my_ppm_detect/next_slv_reg4_reg[17]/G is not reached by a timing clock
Related violations: <none>

TIMING-20#42 Warning
Non-clocked latch  
The latch design_1_i/axi_ppm_0/U0/axi_ppm_v1_0_S00_AXI_inst/my_ppm_detect/next_slv_reg4_reg[18] cannot be properly analyzed as its control pin design_1_i/axi_ppm_0/U0/axi_ppm_v1_0_S00_AXI_inst/my_ppm_detect/next_slv_reg4_reg[18]/G is not reached by a timing clock
Related violations: <none>

TIMING-20#43 Warning
Non-clocked latch  
The latch design_1_i/axi_ppm_0/U0/axi_ppm_v1_0_S00_AXI_inst/my_ppm_detect/next_slv_reg4_reg[19] cannot be properly analyzed as its control pin design_1_i/axi_ppm_0/U0/axi_ppm_v1_0_S00_AXI_inst/my_ppm_detect/next_slv_reg4_reg[19]/G is not reached by a timing clock
Related violations: <none>

TIMING-20#44 Warning
Non-clocked latch  
The latch design_1_i/axi_ppm_0/U0/axi_ppm_v1_0_S00_AXI_inst/my_ppm_detect/next_slv_reg4_reg[1] cannot be properly analyzed as its control pin design_1_i/axi_ppm_0/U0/axi_ppm_v1_0_S00_AXI_inst/my_ppm_detect/next_slv_reg4_reg[1]/G is not reached by a timing clock
Related violations: <none>

TIMING-20#45 Warning
Non-clocked latch  
The latch design_1_i/axi_ppm_0/U0/axi_ppm_v1_0_S00_AXI_inst/my_ppm_detect/next_slv_reg4_reg[20] cannot be properly analyzed as its control pin design_1_i/axi_ppm_0/U0/axi_ppm_v1_0_S00_AXI_inst/my_ppm_detect/next_slv_reg4_reg[20]/G is not reached by a timing clock
Related violations: <none>

TIMING-20#46 Warning
Non-clocked latch  
The latch design_1_i/axi_ppm_0/U0/axi_ppm_v1_0_S00_AXI_inst/my_ppm_detect/next_slv_reg4_reg[21] cannot be properly analyzed as its control pin design_1_i/axi_ppm_0/U0/axi_ppm_v1_0_S00_AXI_inst/my_ppm_detect/next_slv_reg4_reg[21]/G is not reached by a timing clock
Related violations: <none>

TIMING-20#47 Warning
Non-clocked latch  
The latch design_1_i/axi_ppm_0/U0/axi_ppm_v1_0_S00_AXI_inst/my_ppm_detect/next_slv_reg4_reg[22] cannot be properly analyzed as its control pin design_1_i/axi_ppm_0/U0/axi_ppm_v1_0_S00_AXI_inst/my_ppm_detect/next_slv_reg4_reg[22]/G is not reached by a timing clock
Related violations: <none>

TIMING-20#48 Warning
Non-clocked latch  
The latch design_1_i/axi_ppm_0/U0/axi_ppm_v1_0_S00_AXI_inst/my_ppm_detect/next_slv_reg4_reg[23] cannot be properly analyzed as its control pin design_1_i/axi_ppm_0/U0/axi_ppm_v1_0_S00_AXI_inst/my_ppm_detect/next_slv_reg4_reg[23]/G is not reached by a timing clock
Related violations: <none>

TIMING-20#49 Warning
Non-clocked latch  
The latch design_1_i/axi_ppm_0/U0/axi_ppm_v1_0_S00_AXI_inst/my_ppm_detect/next_slv_reg4_reg[24] cannot be properly analyzed as its control pin design_1_i/axi_ppm_0/U0/axi_ppm_v1_0_S00_AXI_inst/my_ppm_detect/next_slv_reg4_reg[24]/G is not reached by a timing clock
Related violations: <none>

TIMING-20#50 Warning
Non-clocked latch  
The latch design_1_i/axi_ppm_0/U0/axi_ppm_v1_0_S00_AXI_inst/my_ppm_detect/next_slv_reg4_reg[25] cannot be properly analyzed as its control pin design_1_i/axi_ppm_0/U0/axi_ppm_v1_0_S00_AXI_inst/my_ppm_detect/next_slv_reg4_reg[25]/G is not reached by a timing clock
Related violations: <none>

TIMING-20#51 Warning
Non-clocked latch  
The latch design_1_i/axi_ppm_0/U0/axi_ppm_v1_0_S00_AXI_inst/my_ppm_detect/next_slv_reg4_reg[26] cannot be properly analyzed as its control pin design_1_i/axi_ppm_0/U0/axi_ppm_v1_0_S00_AXI_inst/my_ppm_detect/next_slv_reg4_reg[26]/G is not reached by a timing clock
Related violations: <none>

TIMING-20#52 Warning
Non-clocked latch  
The latch design_1_i/axi_ppm_0/U0/axi_ppm_v1_0_S00_AXI_inst/my_ppm_detect/next_slv_reg4_reg[27] cannot be properly analyzed as its control pin design_1_i/axi_ppm_0/U0/axi_ppm_v1_0_S00_AXI_inst/my_ppm_detect/next_slv_reg4_reg[27]/G is not reached by a timing clock
Related violations: <none>

TIMING-20#53 Warning
Non-clocked latch  
The latch design_1_i/axi_ppm_0/U0/axi_ppm_v1_0_S00_AXI_inst/my_ppm_detect/next_slv_reg4_reg[28] cannot be properly analyzed as its control pin design_1_i/axi_ppm_0/U0/axi_ppm_v1_0_S00_AXI_inst/my_ppm_detect/next_slv_reg4_reg[28]/G is not reached by a timing clock
Related violations: <none>

TIMING-20#54 Warning
Non-clocked latch  
The latch design_1_i/axi_ppm_0/U0/axi_ppm_v1_0_S00_AXI_inst/my_ppm_detect/next_slv_reg4_reg[29] cannot be properly analyzed as its control pin design_1_i/axi_ppm_0/U0/axi_ppm_v1_0_S00_AXI_inst/my_ppm_detect/next_slv_reg4_reg[29]/G is not reached by a timing clock
Related violations: <none>

TIMING-20#55 Warning
Non-clocked latch  
The latch design_1_i/axi_ppm_0/U0/axi_ppm_v1_0_S00_AXI_inst/my_ppm_detect/next_slv_reg4_reg[2] cannot be properly analyzed as its control pin design_1_i/axi_ppm_0/U0/axi_ppm_v1_0_S00_AXI_inst/my_ppm_detect/next_slv_reg4_reg[2]/G is not reached by a timing clock
Related violations: <none>

TIMING-20#56 Warning
Non-clocked latch  
The latch design_1_i/axi_ppm_0/U0/axi_ppm_v1_0_S00_AXI_inst/my_ppm_detect/next_slv_reg4_reg[30] cannot be properly analyzed as its control pin design_1_i/axi_ppm_0/U0/axi_ppm_v1_0_S00_AXI_inst/my_ppm_detect/next_slv_reg4_reg[30]/G is not reached by a timing clock
Related violations: <none>

TIMING-20#57 Warning
Non-clocked latch  
The latch design_1_i/axi_ppm_0/U0/axi_ppm_v1_0_S00_AXI_inst/my_ppm_detect/next_slv_reg4_reg[31] cannot be properly analyzed as its control pin design_1_i/axi_ppm_0/U0/axi_ppm_v1_0_S00_AXI_inst/my_ppm_detect/next_slv_reg4_reg[31]/G is not reached by a timing clock
Related violations: <none>

TIMING-20#58 Warning
Non-clocked latch  
The latch design_1_i/axi_ppm_0/U0/axi_ppm_v1_0_S00_AXI_inst/my_ppm_detect/next_slv_reg4_reg[3] cannot be properly analyzed as its control pin design_1_i/axi_ppm_0/U0/axi_ppm_v1_0_S00_AXI_inst/my_ppm_detect/next_slv_reg4_reg[3]/G is not reached by a timing clock
Related violations: <none>

TIMING-20#59 Warning
Non-clocked latch  
The latch design_1_i/axi_ppm_0/U0/axi_ppm_v1_0_S00_AXI_inst/my_ppm_detect/next_slv_reg4_reg[4] cannot be properly analyzed as its control pin design_1_i/axi_ppm_0/U0/axi_ppm_v1_0_S00_AXI_inst/my_ppm_detect/next_slv_reg4_reg[4]/G is not reached by a timing clock
Related violations: <none>

TIMING-20#60 Warning
Non-clocked latch  
The latch design_1_i/axi_ppm_0/U0/axi_ppm_v1_0_S00_AXI_inst/my_ppm_detect/next_slv_reg4_reg[5] cannot be properly analyzed as its control pin design_1_i/axi_ppm_0/U0/axi_ppm_v1_0_S00_AXI_inst/my_ppm_detect/next_slv_reg4_reg[5]/G is not reached by a timing clock
Related violations: <none>

TIMING-20#61 Warning
Non-clocked latch  
The latch design_1_i/axi_ppm_0/U0/axi_ppm_v1_0_S00_AXI_inst/my_ppm_detect/next_slv_reg4_reg[6] cannot be properly analyzed as its control pin design_1_i/axi_ppm_0/U0/axi_ppm_v1_0_S00_AXI_inst/my_ppm_detect/next_slv_reg4_reg[6]/G is not reached by a timing clock
Related violations: <none>

TIMING-20#62 Warning
Non-clocked latch  
The latch design_1_i/axi_ppm_0/U0/axi_ppm_v1_0_S00_AXI_inst/my_ppm_detect/next_slv_reg4_reg[7] cannot be properly analyzed as its control pin design_1_i/axi_ppm_0/U0/axi_ppm_v1_0_S00_AXI_inst/my_ppm_detect/next_slv_reg4_reg[7]/G is not reached by a timing clock
Related violations: <none>

TIMING-20#63 Warning
Non-clocked latch  
The latch design_1_i/axi_ppm_0/U0/axi_ppm_v1_0_S00_AXI_inst/my_ppm_detect/next_slv_reg4_reg[8] cannot be properly analyzed as its control pin design_1_i/axi_ppm_0/U0/axi_ppm_v1_0_S00_AXI_inst/my_ppm_detect/next_slv_reg4_reg[8]/G is not reached by a timing clock
Related violations: <none>

TIMING-20#64 Warning
Non-clocked latch  
The latch design_1_i/axi_ppm_0/U0/axi_ppm_v1_0_S00_AXI_inst/my_ppm_detect/next_slv_reg4_reg[9] cannot be properly analyzed as its control pin design_1_i/axi_ppm_0/U0/axi_ppm_v1_0_S00_AXI_inst/my_ppm_detect/next_slv_reg4_reg[9]/G is not reached by a timing clock
Related violations: <none>

TIMING-20#65 Warning
Non-clocked latch  
The latch design_1_i/axi_ppm_0/U0/axi_ppm_v1_0_S00_AXI_inst/my_ppm_detect/next_slv_reg5_reg[0] cannot be properly analyzed as its control pin design_1_i/axi_ppm_0/U0/axi_ppm_v1_0_S00_AXI_inst/my_ppm_detect/next_slv_reg5_reg[0]/G is not reached by a timing clock
Related violations: <none>

TIMING-20#66 Warning
Non-clocked latch  
The latch design_1_i/axi_ppm_0/U0/axi_ppm_v1_0_S00_AXI_inst/my_ppm_detect/next_slv_reg5_reg[10] cannot be properly analyzed as its control pin design_1_i/axi_ppm_0/U0/axi_ppm_v1_0_S00_AXI_inst/my_ppm_detect/next_slv_reg5_reg[10]/G is not reached by a timing clock
Related violations: <none>

TIMING-20#67 Warning
Non-clocked latch  
The latch design_1_i/axi_ppm_0/U0/axi_ppm_v1_0_S00_AXI_inst/my_ppm_detect/next_slv_reg5_reg[11] cannot be properly analyzed as its control pin design_1_i/axi_ppm_0/U0/axi_ppm_v1_0_S00_AXI_inst/my_ppm_detect/next_slv_reg5_reg[11]/G is not reached by a timing clock
Related violations: <none>

TIMING-20#68 Warning
Non-clocked latch  
The latch design_1_i/axi_ppm_0/U0/axi_ppm_v1_0_S00_AXI_inst/my_ppm_detect/next_slv_reg5_reg[12] cannot be properly analyzed as its control pin design_1_i/axi_ppm_0/U0/axi_ppm_v1_0_S00_AXI_inst/my_ppm_detect/next_slv_reg5_reg[12]/G is not reached by a timing clock
Related violations: <none>

TIMING-20#69 Warning
Non-clocked latch  
The latch design_1_i/axi_ppm_0/U0/axi_ppm_v1_0_S00_AXI_inst/my_ppm_detect/next_slv_reg5_reg[13] cannot be properly analyzed as its control pin design_1_i/axi_ppm_0/U0/axi_ppm_v1_0_S00_AXI_inst/my_ppm_detect/next_slv_reg5_reg[13]/G is not reached by a timing clock
Related violations: <none>

TIMING-20#70 Warning
Non-clocked latch  
The latch design_1_i/axi_ppm_0/U0/axi_ppm_v1_0_S00_AXI_inst/my_ppm_detect/next_slv_reg5_reg[14] cannot be properly analyzed as its control pin design_1_i/axi_ppm_0/U0/axi_ppm_v1_0_S00_AXI_inst/my_ppm_detect/next_slv_reg5_reg[14]/G is not reached by a timing clock
Related violations: <none>

TIMING-20#71 Warning
Non-clocked latch  
The latch design_1_i/axi_ppm_0/U0/axi_ppm_v1_0_S00_AXI_inst/my_ppm_detect/next_slv_reg5_reg[15] cannot be properly analyzed as its control pin design_1_i/axi_ppm_0/U0/axi_ppm_v1_0_S00_AXI_inst/my_ppm_detect/next_slv_reg5_reg[15]/G is not reached by a timing clock
Related violations: <none>

TIMING-20#72 Warning
Non-clocked latch  
The latch design_1_i/axi_ppm_0/U0/axi_ppm_v1_0_S00_AXI_inst/my_ppm_detect/next_slv_reg5_reg[16] cannot be properly analyzed as its control pin design_1_i/axi_ppm_0/U0/axi_ppm_v1_0_S00_AXI_inst/my_ppm_detect/next_slv_reg5_reg[16]/G is not reached by a timing clock
Related violations: <none>

TIMING-20#73 Warning
Non-clocked latch  
The latch design_1_i/axi_ppm_0/U0/axi_ppm_v1_0_S00_AXI_inst/my_ppm_detect/next_slv_reg5_reg[17] cannot be properly analyzed as its control pin design_1_i/axi_ppm_0/U0/axi_ppm_v1_0_S00_AXI_inst/my_ppm_detect/next_slv_reg5_reg[17]/G is not reached by a timing clock
Related violations: <none>

TIMING-20#74 Warning
Non-clocked latch  
The latch design_1_i/axi_ppm_0/U0/axi_ppm_v1_0_S00_AXI_inst/my_ppm_detect/next_slv_reg5_reg[18] cannot be properly analyzed as its control pin design_1_i/axi_ppm_0/U0/axi_ppm_v1_0_S00_AXI_inst/my_ppm_detect/next_slv_reg5_reg[18]/G is not reached by a timing clock
Related violations: <none>

TIMING-20#75 Warning
Non-clocked latch  
The latch design_1_i/axi_ppm_0/U0/axi_ppm_v1_0_S00_AXI_inst/my_ppm_detect/next_slv_reg5_reg[19] cannot be properly analyzed as its control pin design_1_i/axi_ppm_0/U0/axi_ppm_v1_0_S00_AXI_inst/my_ppm_detect/next_slv_reg5_reg[19]/G is not reached by a timing clock
Related violations: <none>

TIMING-20#76 Warning
Non-clocked latch  
The latch design_1_i/axi_ppm_0/U0/axi_ppm_v1_0_S00_AXI_inst/my_ppm_detect/next_slv_reg5_reg[1] cannot be properly analyzed as its control pin design_1_i/axi_ppm_0/U0/axi_ppm_v1_0_S00_AXI_inst/my_ppm_detect/next_slv_reg5_reg[1]/G is not reached by a timing clock
Related violations: <none>

TIMING-20#77 Warning
Non-clocked latch  
The latch design_1_i/axi_ppm_0/U0/axi_ppm_v1_0_S00_AXI_inst/my_ppm_detect/next_slv_reg5_reg[20] cannot be properly analyzed as its control pin design_1_i/axi_ppm_0/U0/axi_ppm_v1_0_S00_AXI_inst/my_ppm_detect/next_slv_reg5_reg[20]/G is not reached by a timing clock
Related violations: <none>

TIMING-20#78 Warning
Non-clocked latch  
The latch design_1_i/axi_ppm_0/U0/axi_ppm_v1_0_S00_AXI_inst/my_ppm_detect/next_slv_reg5_reg[21] cannot be properly analyzed as its control pin design_1_i/axi_ppm_0/U0/axi_ppm_v1_0_S00_AXI_inst/my_ppm_detect/next_slv_reg5_reg[21]/G is not reached by a timing clock
Related violations: <none>

TIMING-20#79 Warning
Non-clocked latch  
The latch design_1_i/axi_ppm_0/U0/axi_ppm_v1_0_S00_AXI_inst/my_ppm_detect/next_slv_reg5_reg[22] cannot be properly analyzed as its control pin design_1_i/axi_ppm_0/U0/axi_ppm_v1_0_S00_AXI_inst/my_ppm_detect/next_slv_reg5_reg[22]/G is not reached by a timing clock
Related violations: <none>

TIMING-20#80 Warning
Non-clocked latch  
The latch design_1_i/axi_ppm_0/U0/axi_ppm_v1_0_S00_AXI_inst/my_ppm_detect/next_slv_reg5_reg[23] cannot be properly analyzed as its control pin design_1_i/axi_ppm_0/U0/axi_ppm_v1_0_S00_AXI_inst/my_ppm_detect/next_slv_reg5_reg[23]/G is not reached by a timing clock
Related violations: <none>

TIMING-20#81 Warning
Non-clocked latch  
The latch design_1_i/axi_ppm_0/U0/axi_ppm_v1_0_S00_AXI_inst/my_ppm_detect/next_slv_reg5_reg[24] cannot be properly analyzed as its control pin design_1_i/axi_ppm_0/U0/axi_ppm_v1_0_S00_AXI_inst/my_ppm_detect/next_slv_reg5_reg[24]/G is not reached by a timing clock
Related violations: <none>

TIMING-20#82 Warning
Non-clocked latch  
The latch design_1_i/axi_ppm_0/U0/axi_ppm_v1_0_S00_AXI_inst/my_ppm_detect/next_slv_reg5_reg[25] cannot be properly analyzed as its control pin design_1_i/axi_ppm_0/U0/axi_ppm_v1_0_S00_AXI_inst/my_ppm_detect/next_slv_reg5_reg[25]/G is not reached by a timing clock
Related violations: <none>

TIMING-20#83 Warning
Non-clocked latch  
The latch design_1_i/axi_ppm_0/U0/axi_ppm_v1_0_S00_AXI_inst/my_ppm_detect/next_slv_reg5_reg[26] cannot be properly analyzed as its control pin design_1_i/axi_ppm_0/U0/axi_ppm_v1_0_S00_AXI_inst/my_ppm_detect/next_slv_reg5_reg[26]/G is not reached by a timing clock
Related violations: <none>

TIMING-20#84 Warning
Non-clocked latch  
The latch design_1_i/axi_ppm_0/U0/axi_ppm_v1_0_S00_AXI_inst/my_ppm_detect/next_slv_reg5_reg[27] cannot be properly analyzed as its control pin design_1_i/axi_ppm_0/U0/axi_ppm_v1_0_S00_AXI_inst/my_ppm_detect/next_slv_reg5_reg[27]/G is not reached by a timing clock
Related violations: <none>

TIMING-20#85 Warning
Non-clocked latch  
The latch design_1_i/axi_ppm_0/U0/axi_ppm_v1_0_S00_AXI_inst/my_ppm_detect/next_slv_reg5_reg[28] cannot be properly analyzed as its control pin design_1_i/axi_ppm_0/U0/axi_ppm_v1_0_S00_AXI_inst/my_ppm_detect/next_slv_reg5_reg[28]/G is not reached by a timing clock
Related violations: <none>

TIMING-20#86 Warning
Non-clocked latch  
The latch design_1_i/axi_ppm_0/U0/axi_ppm_v1_0_S00_AXI_inst/my_ppm_detect/next_slv_reg5_reg[29] cannot be properly analyzed as its control pin design_1_i/axi_ppm_0/U0/axi_ppm_v1_0_S00_AXI_inst/my_ppm_detect/next_slv_reg5_reg[29]/G is not reached by a timing clock
Related violations: <none>

TIMING-20#87 Warning
Non-clocked latch  
The latch design_1_i/axi_ppm_0/U0/axi_ppm_v1_0_S00_AXI_inst/my_ppm_detect/next_slv_reg5_reg[2] cannot be properly analyzed as its control pin design_1_i/axi_ppm_0/U0/axi_ppm_v1_0_S00_AXI_inst/my_ppm_detect/next_slv_reg5_reg[2]/G is not reached by a timing clock
Related violations: <none>

TIMING-20#88 Warning
Non-clocked latch  
The latch design_1_i/axi_ppm_0/U0/axi_ppm_v1_0_S00_AXI_inst/my_ppm_detect/next_slv_reg5_reg[30] cannot be properly analyzed as its control pin design_1_i/axi_ppm_0/U0/axi_ppm_v1_0_S00_AXI_inst/my_ppm_detect/next_slv_reg5_reg[30]/G is not reached by a timing clock
Related violations: <none>

TIMING-20#89 Warning
Non-clocked latch  
The latch design_1_i/axi_ppm_0/U0/axi_ppm_v1_0_S00_AXI_inst/my_ppm_detect/next_slv_reg5_reg[31] cannot be properly analyzed as its control pin design_1_i/axi_ppm_0/U0/axi_ppm_v1_0_S00_AXI_inst/my_ppm_detect/next_slv_reg5_reg[31]/G is not reached by a timing clock
Related violations: <none>

TIMING-20#90 Warning
Non-clocked latch  
The latch design_1_i/axi_ppm_0/U0/axi_ppm_v1_0_S00_AXI_inst/my_ppm_detect/next_slv_reg5_reg[3] cannot be properly analyzed as its control pin design_1_i/axi_ppm_0/U0/axi_ppm_v1_0_S00_AXI_inst/my_ppm_detect/next_slv_reg5_reg[3]/G is not reached by a timing clock
Related violations: <none>

TIMING-20#91 Warning
Non-clocked latch  
The latch design_1_i/axi_ppm_0/U0/axi_ppm_v1_0_S00_AXI_inst/my_ppm_detect/next_slv_reg5_reg[4] cannot be properly analyzed as its control pin design_1_i/axi_ppm_0/U0/axi_ppm_v1_0_S00_AXI_inst/my_ppm_detect/next_slv_reg5_reg[4]/G is not reached by a timing clock
Related violations: <none>

TIMING-20#92 Warning
Non-clocked latch  
The latch design_1_i/axi_ppm_0/U0/axi_ppm_v1_0_S00_AXI_inst/my_ppm_detect/next_slv_reg5_reg[5] cannot be properly analyzed as its control pin design_1_i/axi_ppm_0/U0/axi_ppm_v1_0_S00_AXI_inst/my_ppm_detect/next_slv_reg5_reg[5]/G is not reached by a timing clock
Related violations: <none>

TIMING-20#93 Warning
Non-clocked latch  
The latch design_1_i/axi_ppm_0/U0/axi_ppm_v1_0_S00_AXI_inst/my_ppm_detect/next_slv_reg5_reg[6] cannot be properly analyzed as its control pin design_1_i/axi_ppm_0/U0/axi_ppm_v1_0_S00_AXI_inst/my_ppm_detect/next_slv_reg5_reg[6]/G is not reached by a timing clock
Related violations: <none>

TIMING-20#94 Warning
Non-clocked latch  
The latch design_1_i/axi_ppm_0/U0/axi_ppm_v1_0_S00_AXI_inst/my_ppm_detect/next_slv_reg5_reg[7] cannot be properly analyzed as its control pin design_1_i/axi_ppm_0/U0/axi_ppm_v1_0_S00_AXI_inst/my_ppm_detect/next_slv_reg5_reg[7]/G is not reached by a timing clock
Related violations: <none>

TIMING-20#95 Warning
Non-clocked latch  
The latch design_1_i/axi_ppm_0/U0/axi_ppm_v1_0_S00_AXI_inst/my_ppm_detect/next_slv_reg5_reg[8] cannot be properly analyzed as its control pin design_1_i/axi_ppm_0/U0/axi_ppm_v1_0_S00_AXI_inst/my_ppm_detect/next_slv_reg5_reg[8]/G is not reached by a timing clock
Related violations: <none>

TIMING-20#96 Warning
Non-clocked latch  
The latch design_1_i/axi_ppm_0/U0/axi_ppm_v1_0_S00_AXI_inst/my_ppm_detect/next_slv_reg5_reg[9] cannot be properly analyzed as its control pin design_1_i/axi_ppm_0/U0/axi_ppm_v1_0_S00_AXI_inst/my_ppm_detect/next_slv_reg5_reg[9]/G is not reached by a timing clock
Related violations: <none>

TIMING-20#97 Warning
Non-clocked latch  
The latch design_1_i/axi_ppm_0/U0/axi_ppm_v1_0_S00_AXI_inst/my_ppm_detect/next_slv_reg6_reg[0] cannot be properly analyzed as its control pin design_1_i/axi_ppm_0/U0/axi_ppm_v1_0_S00_AXI_inst/my_ppm_detect/next_slv_reg6_reg[0]/G is not reached by a timing clock
Related violations: <none>

TIMING-20#98 Warning
Non-clocked latch  
The latch design_1_i/axi_ppm_0/U0/axi_ppm_v1_0_S00_AXI_inst/my_ppm_detect/next_slv_reg6_reg[10] cannot be properly analyzed as its control pin design_1_i/axi_ppm_0/U0/axi_ppm_v1_0_S00_AXI_inst/my_ppm_detect/next_slv_reg6_reg[10]/G is not reached by a timing clock
Related violations: <none>

TIMING-20#99 Warning
Non-clocked latch  
The latch design_1_i/axi_ppm_0/U0/axi_ppm_v1_0_S00_AXI_inst/my_ppm_detect/next_slv_reg6_reg[11] cannot be properly analyzed as its control pin design_1_i/axi_ppm_0/U0/axi_ppm_v1_0_S00_AXI_inst/my_ppm_detect/next_slv_reg6_reg[11]/G is not reached by a timing clock
Related violations: <none>

TIMING-20#100 Warning
Non-clocked latch  
The latch design_1_i/axi_ppm_0/U0/axi_ppm_v1_0_S00_AXI_inst/my_ppm_detect/next_slv_reg6_reg[12] cannot be properly analyzed as its control pin design_1_i/axi_ppm_0/U0/axi_ppm_v1_0_S00_AXI_inst/my_ppm_detect/next_slv_reg6_reg[12]/G is not reached by a timing clock
Related violations: <none>

TIMING-20#101 Warning
Non-clocked latch  
The latch design_1_i/axi_ppm_0/U0/axi_ppm_v1_0_S00_AXI_inst/my_ppm_detect/next_slv_reg6_reg[13] cannot be properly analyzed as its control pin design_1_i/axi_ppm_0/U0/axi_ppm_v1_0_S00_AXI_inst/my_ppm_detect/next_slv_reg6_reg[13]/G is not reached by a timing clock
Related violations: <none>

TIMING-20#102 Warning
Non-clocked latch  
The latch design_1_i/axi_ppm_0/U0/axi_ppm_v1_0_S00_AXI_inst/my_ppm_detect/next_slv_reg6_reg[14] cannot be properly analyzed as its control pin design_1_i/axi_ppm_0/U0/axi_ppm_v1_0_S00_AXI_inst/my_ppm_detect/next_slv_reg6_reg[14]/G is not reached by a timing clock
Related violations: <none>

TIMING-20#103 Warning
Non-clocked latch  
The latch design_1_i/axi_ppm_0/U0/axi_ppm_v1_0_S00_AXI_inst/my_ppm_detect/next_slv_reg6_reg[15] cannot be properly analyzed as its control pin design_1_i/axi_ppm_0/U0/axi_ppm_v1_0_S00_AXI_inst/my_ppm_detect/next_slv_reg6_reg[15]/G is not reached by a timing clock
Related violations: <none>

TIMING-20#104 Warning
Non-clocked latch  
The latch design_1_i/axi_ppm_0/U0/axi_ppm_v1_0_S00_AXI_inst/my_ppm_detect/next_slv_reg6_reg[16] cannot be properly analyzed as its control pin design_1_i/axi_ppm_0/U0/axi_ppm_v1_0_S00_AXI_inst/my_ppm_detect/next_slv_reg6_reg[16]/G is not reached by a timing clock
Related violations: <none>

TIMING-20#105 Warning
Non-clocked latch  
The latch design_1_i/axi_ppm_0/U0/axi_ppm_v1_0_S00_AXI_inst/my_ppm_detect/next_slv_reg6_reg[17] cannot be properly analyzed as its control pin design_1_i/axi_ppm_0/U0/axi_ppm_v1_0_S00_AXI_inst/my_ppm_detect/next_slv_reg6_reg[17]/G is not reached by a timing clock
Related violations: <none>

TIMING-20#106 Warning
Non-clocked latch  
The latch design_1_i/axi_ppm_0/U0/axi_ppm_v1_0_S00_AXI_inst/my_ppm_detect/next_slv_reg6_reg[18] cannot be properly analyzed as its control pin design_1_i/axi_ppm_0/U0/axi_ppm_v1_0_S00_AXI_inst/my_ppm_detect/next_slv_reg6_reg[18]/G is not reached by a timing clock
Related violations: <none>

TIMING-20#107 Warning
Non-clocked latch  
The latch design_1_i/axi_ppm_0/U0/axi_ppm_v1_0_S00_AXI_inst/my_ppm_detect/next_slv_reg6_reg[19] cannot be properly analyzed as its control pin design_1_i/axi_ppm_0/U0/axi_ppm_v1_0_S00_AXI_inst/my_ppm_detect/next_slv_reg6_reg[19]/G is not reached by a timing clock
Related violations: <none>

TIMING-20#108 Warning
Non-clocked latch  
The latch design_1_i/axi_ppm_0/U0/axi_ppm_v1_0_S00_AXI_inst/my_ppm_detect/next_slv_reg6_reg[1] cannot be properly analyzed as its control pin design_1_i/axi_ppm_0/U0/axi_ppm_v1_0_S00_AXI_inst/my_ppm_detect/next_slv_reg6_reg[1]/G is not reached by a timing clock
Related violations: <none>

TIMING-20#109 Warning
Non-clocked latch  
The latch design_1_i/axi_ppm_0/U0/axi_ppm_v1_0_S00_AXI_inst/my_ppm_detect/next_slv_reg6_reg[20] cannot be properly analyzed as its control pin design_1_i/axi_ppm_0/U0/axi_ppm_v1_0_S00_AXI_inst/my_ppm_detect/next_slv_reg6_reg[20]/G is not reached by a timing clock
Related violations: <none>

TIMING-20#110 Warning
Non-clocked latch  
The latch design_1_i/axi_ppm_0/U0/axi_ppm_v1_0_S00_AXI_inst/my_ppm_detect/next_slv_reg6_reg[21] cannot be properly analyzed as its control pin design_1_i/axi_ppm_0/U0/axi_ppm_v1_0_S00_AXI_inst/my_ppm_detect/next_slv_reg6_reg[21]/G is not reached by a timing clock
Related violations: <none>

TIMING-20#111 Warning
Non-clocked latch  
The latch design_1_i/axi_ppm_0/U0/axi_ppm_v1_0_S00_AXI_inst/my_ppm_detect/next_slv_reg6_reg[22] cannot be properly analyzed as its control pin design_1_i/axi_ppm_0/U0/axi_ppm_v1_0_S00_AXI_inst/my_ppm_detect/next_slv_reg6_reg[22]/G is not reached by a timing clock
Related violations: <none>

TIMING-20#112 Warning
Non-clocked latch  
The latch design_1_i/axi_ppm_0/U0/axi_ppm_v1_0_S00_AXI_inst/my_ppm_detect/next_slv_reg6_reg[23] cannot be properly analyzed as its control pin design_1_i/axi_ppm_0/U0/axi_ppm_v1_0_S00_AXI_inst/my_ppm_detect/next_slv_reg6_reg[23]/G is not reached by a timing clock
Related violations: <none>

TIMING-20#113 Warning
Non-clocked latch  
The latch design_1_i/axi_ppm_0/U0/axi_ppm_v1_0_S00_AXI_inst/my_ppm_detect/next_slv_reg6_reg[24] cannot be properly analyzed as its control pin design_1_i/axi_ppm_0/U0/axi_ppm_v1_0_S00_AXI_inst/my_ppm_detect/next_slv_reg6_reg[24]/G is not reached by a timing clock
Related violations: <none>

TIMING-20#114 Warning
Non-clocked latch  
The latch design_1_i/axi_ppm_0/U0/axi_ppm_v1_0_S00_AXI_inst/my_ppm_detect/next_slv_reg6_reg[25] cannot be properly analyzed as its control pin design_1_i/axi_ppm_0/U0/axi_ppm_v1_0_S00_AXI_inst/my_ppm_detect/next_slv_reg6_reg[25]/G is not reached by a timing clock
Related violations: <none>

TIMING-20#115 Warning
Non-clocked latch  
The latch design_1_i/axi_ppm_0/U0/axi_ppm_v1_0_S00_AXI_inst/my_ppm_detect/next_slv_reg6_reg[26] cannot be properly analyzed as its control pin design_1_i/axi_ppm_0/U0/axi_ppm_v1_0_S00_AXI_inst/my_ppm_detect/next_slv_reg6_reg[26]/G is not reached by a timing clock
Related violations: <none>

TIMING-20#116 Warning
Non-clocked latch  
The latch design_1_i/axi_ppm_0/U0/axi_ppm_v1_0_S00_AXI_inst/my_ppm_detect/next_slv_reg6_reg[27] cannot be properly analyzed as its control pin design_1_i/axi_ppm_0/U0/axi_ppm_v1_0_S00_AXI_inst/my_ppm_detect/next_slv_reg6_reg[27]/G is not reached by a timing clock
Related violations: <none>

TIMING-20#117 Warning
Non-clocked latch  
The latch design_1_i/axi_ppm_0/U0/axi_ppm_v1_0_S00_AXI_inst/my_ppm_detect/next_slv_reg6_reg[28] cannot be properly analyzed as its control pin design_1_i/axi_ppm_0/U0/axi_ppm_v1_0_S00_AXI_inst/my_ppm_detect/next_slv_reg6_reg[28]/G is not reached by a timing clock
Related violations: <none>

TIMING-20#118 Warning
Non-clocked latch  
The latch design_1_i/axi_ppm_0/U0/axi_ppm_v1_0_S00_AXI_inst/my_ppm_detect/next_slv_reg6_reg[29] cannot be properly analyzed as its control pin design_1_i/axi_ppm_0/U0/axi_ppm_v1_0_S00_AXI_inst/my_ppm_detect/next_slv_reg6_reg[29]/G is not reached by a timing clock
Related violations: <none>

TIMING-20#119 Warning
Non-clocked latch  
The latch design_1_i/axi_ppm_0/U0/axi_ppm_v1_0_S00_AXI_inst/my_ppm_detect/next_slv_reg6_reg[2] cannot be properly analyzed as its control pin design_1_i/axi_ppm_0/U0/axi_ppm_v1_0_S00_AXI_inst/my_ppm_detect/next_slv_reg6_reg[2]/G is not reached by a timing clock
Related violations: <none>

TIMING-20#120 Warning
Non-clocked latch  
The latch design_1_i/axi_ppm_0/U0/axi_ppm_v1_0_S00_AXI_inst/my_ppm_detect/next_slv_reg6_reg[30] cannot be properly analyzed as its control pin design_1_i/axi_ppm_0/U0/axi_ppm_v1_0_S00_AXI_inst/my_ppm_detect/next_slv_reg6_reg[30]/G is not reached by a timing clock
Related violations: <none>

TIMING-20#121 Warning
Non-clocked latch  
The latch design_1_i/axi_ppm_0/U0/axi_ppm_v1_0_S00_AXI_inst/my_ppm_detect/next_slv_reg6_reg[31] cannot be properly analyzed as its control pin design_1_i/axi_ppm_0/U0/axi_ppm_v1_0_S00_AXI_inst/my_ppm_detect/next_slv_reg6_reg[31]/G is not reached by a timing clock
Related violations: <none>

TIMING-20#122 Warning
Non-clocked latch  
The latch design_1_i/axi_ppm_0/U0/axi_ppm_v1_0_S00_AXI_inst/my_ppm_detect/next_slv_reg6_reg[3] cannot be properly analyzed as its control pin design_1_i/axi_ppm_0/U0/axi_ppm_v1_0_S00_AXI_inst/my_ppm_detect/next_slv_reg6_reg[3]/G is not reached by a timing clock
Related violations: <none>

TIMING-20#123 Warning
Non-clocked latch  
The latch design_1_i/axi_ppm_0/U0/axi_ppm_v1_0_S00_AXI_inst/my_ppm_detect/next_slv_reg6_reg[4] cannot be properly analyzed as its control pin design_1_i/axi_ppm_0/U0/axi_ppm_v1_0_S00_AXI_inst/my_ppm_detect/next_slv_reg6_reg[4]/G is not reached by a timing clock
Related violations: <none>

TIMING-20#124 Warning
Non-clocked latch  
The latch design_1_i/axi_ppm_0/U0/axi_ppm_v1_0_S00_AXI_inst/my_ppm_detect/next_slv_reg6_reg[5] cannot be properly analyzed as its control pin design_1_i/axi_ppm_0/U0/axi_ppm_v1_0_S00_AXI_inst/my_ppm_detect/next_slv_reg6_reg[5]/G is not reached by a timing clock
Related violations: <none>

TIMING-20#125 Warning
Non-clocked latch  
The latch design_1_i/axi_ppm_0/U0/axi_ppm_v1_0_S00_AXI_inst/my_ppm_detect/next_slv_reg6_reg[6] cannot be properly analyzed as its control pin design_1_i/axi_ppm_0/U0/axi_ppm_v1_0_S00_AXI_inst/my_ppm_detect/next_slv_reg6_reg[6]/G is not reached by a timing clock
Related violations: <none>

TIMING-20#126 Warning
Non-clocked latch  
The latch design_1_i/axi_ppm_0/U0/axi_ppm_v1_0_S00_AXI_inst/my_ppm_detect/next_slv_reg6_reg[7] cannot be properly analyzed as its control pin design_1_i/axi_ppm_0/U0/axi_ppm_v1_0_S00_AXI_inst/my_ppm_detect/next_slv_reg6_reg[7]/G is not reached by a timing clock
Related violations: <none>

TIMING-20#127 Warning
Non-clocked latch  
The latch design_1_i/axi_ppm_0/U0/axi_ppm_v1_0_S00_AXI_inst/my_ppm_detect/next_slv_reg6_reg[8] cannot be properly analyzed as its control pin design_1_i/axi_ppm_0/U0/axi_ppm_v1_0_S00_AXI_inst/my_ppm_detect/next_slv_reg6_reg[8]/G is not reached by a timing clock
Related violations: <none>

TIMING-20#128 Warning
Non-clocked latch  
The latch design_1_i/axi_ppm_0/U0/axi_ppm_v1_0_S00_AXI_inst/my_ppm_detect/next_slv_reg6_reg[9] cannot be properly analyzed as its control pin design_1_i/axi_ppm_0/U0/axi_ppm_v1_0_S00_AXI_inst/my_ppm_detect/next_slv_reg6_reg[9]/G is not reached by a timing clock
Related violations: <none>

TIMING-20#129 Warning
Non-clocked latch  
The latch design_1_i/axi_ppm_0/U0/axi_ppm_v1_0_S00_AXI_inst/my_ppm_detect/next_slv_reg7_reg[0] cannot be properly analyzed as its control pin design_1_i/axi_ppm_0/U0/axi_ppm_v1_0_S00_AXI_inst/my_ppm_detect/next_slv_reg7_reg[0]/G is not reached by a timing clock
Related violations: <none>

TIMING-20#130 Warning
Non-clocked latch  
The latch design_1_i/axi_ppm_0/U0/axi_ppm_v1_0_S00_AXI_inst/my_ppm_detect/next_slv_reg7_reg[10] cannot be properly analyzed as its control pin design_1_i/axi_ppm_0/U0/axi_ppm_v1_0_S00_AXI_inst/my_ppm_detect/next_slv_reg7_reg[10]/G is not reached by a timing clock
Related violations: <none>

TIMING-20#131 Warning
Non-clocked latch  
The latch design_1_i/axi_ppm_0/U0/axi_ppm_v1_0_S00_AXI_inst/my_ppm_detect/next_slv_reg7_reg[11] cannot be properly analyzed as its control pin design_1_i/axi_ppm_0/U0/axi_ppm_v1_0_S00_AXI_inst/my_ppm_detect/next_slv_reg7_reg[11]/G is not reached by a timing clock
Related violations: <none>

TIMING-20#132 Warning
Non-clocked latch  
The latch design_1_i/axi_ppm_0/U0/axi_ppm_v1_0_S00_AXI_inst/my_ppm_detect/next_slv_reg7_reg[12] cannot be properly analyzed as its control pin design_1_i/axi_ppm_0/U0/axi_ppm_v1_0_S00_AXI_inst/my_ppm_detect/next_slv_reg7_reg[12]/G is not reached by a timing clock
Related violations: <none>

TIMING-20#133 Warning
Non-clocked latch  
The latch design_1_i/axi_ppm_0/U0/axi_ppm_v1_0_S00_AXI_inst/my_ppm_detect/next_slv_reg7_reg[13] cannot be properly analyzed as its control pin design_1_i/axi_ppm_0/U0/axi_ppm_v1_0_S00_AXI_inst/my_ppm_detect/next_slv_reg7_reg[13]/G is not reached by a timing clock
Related violations: <none>

TIMING-20#134 Warning
Non-clocked latch  
The latch design_1_i/axi_ppm_0/U0/axi_ppm_v1_0_S00_AXI_inst/my_ppm_detect/next_slv_reg7_reg[14] cannot be properly analyzed as its control pin design_1_i/axi_ppm_0/U0/axi_ppm_v1_0_S00_AXI_inst/my_ppm_detect/next_slv_reg7_reg[14]/G is not reached by a timing clock
Related violations: <none>

TIMING-20#135 Warning
Non-clocked latch  
The latch design_1_i/axi_ppm_0/U0/axi_ppm_v1_0_S00_AXI_inst/my_ppm_detect/next_slv_reg7_reg[15] cannot be properly analyzed as its control pin design_1_i/axi_ppm_0/U0/axi_ppm_v1_0_S00_AXI_inst/my_ppm_detect/next_slv_reg7_reg[15]/G is not reached by a timing clock
Related violations: <none>

TIMING-20#136 Warning
Non-clocked latch  
The latch design_1_i/axi_ppm_0/U0/axi_ppm_v1_0_S00_AXI_inst/my_ppm_detect/next_slv_reg7_reg[16] cannot be properly analyzed as its control pin design_1_i/axi_ppm_0/U0/axi_ppm_v1_0_S00_AXI_inst/my_ppm_detect/next_slv_reg7_reg[16]/G is not reached by a timing clock
Related violations: <none>

TIMING-20#137 Warning
Non-clocked latch  
The latch design_1_i/axi_ppm_0/U0/axi_ppm_v1_0_S00_AXI_inst/my_ppm_detect/next_slv_reg7_reg[17] cannot be properly analyzed as its control pin design_1_i/axi_ppm_0/U0/axi_ppm_v1_0_S00_AXI_inst/my_ppm_detect/next_slv_reg7_reg[17]/G is not reached by a timing clock
Related violations: <none>

TIMING-20#138 Warning
Non-clocked latch  
The latch design_1_i/axi_ppm_0/U0/axi_ppm_v1_0_S00_AXI_inst/my_ppm_detect/next_slv_reg7_reg[18] cannot be properly analyzed as its control pin design_1_i/axi_ppm_0/U0/axi_ppm_v1_0_S00_AXI_inst/my_ppm_detect/next_slv_reg7_reg[18]/G is not reached by a timing clock
Related violations: <none>

TIMING-20#139 Warning
Non-clocked latch  
The latch design_1_i/axi_ppm_0/U0/axi_ppm_v1_0_S00_AXI_inst/my_ppm_detect/next_slv_reg7_reg[19] cannot be properly analyzed as its control pin design_1_i/axi_ppm_0/U0/axi_ppm_v1_0_S00_AXI_inst/my_ppm_detect/next_slv_reg7_reg[19]/G is not reached by a timing clock
Related violations: <none>

TIMING-20#140 Warning
Non-clocked latch  
The latch design_1_i/axi_ppm_0/U0/axi_ppm_v1_0_S00_AXI_inst/my_ppm_detect/next_slv_reg7_reg[1] cannot be properly analyzed as its control pin design_1_i/axi_ppm_0/U0/axi_ppm_v1_0_S00_AXI_inst/my_ppm_detect/next_slv_reg7_reg[1]/G is not reached by a timing clock
Related violations: <none>

TIMING-20#141 Warning
Non-clocked latch  
The latch design_1_i/axi_ppm_0/U0/axi_ppm_v1_0_S00_AXI_inst/my_ppm_detect/next_slv_reg7_reg[20] cannot be properly analyzed as its control pin design_1_i/axi_ppm_0/U0/axi_ppm_v1_0_S00_AXI_inst/my_ppm_detect/next_slv_reg7_reg[20]/G is not reached by a timing clock
Related violations: <none>

TIMING-20#142 Warning
Non-clocked latch  
The latch design_1_i/axi_ppm_0/U0/axi_ppm_v1_0_S00_AXI_inst/my_ppm_detect/next_slv_reg7_reg[21] cannot be properly analyzed as its control pin design_1_i/axi_ppm_0/U0/axi_ppm_v1_0_S00_AXI_inst/my_ppm_detect/next_slv_reg7_reg[21]/G is not reached by a timing clock
Related violations: <none>

TIMING-20#143 Warning
Non-clocked latch  
The latch design_1_i/axi_ppm_0/U0/axi_ppm_v1_0_S00_AXI_inst/my_ppm_detect/next_slv_reg7_reg[22] cannot be properly analyzed as its control pin design_1_i/axi_ppm_0/U0/axi_ppm_v1_0_S00_AXI_inst/my_ppm_detect/next_slv_reg7_reg[22]/G is not reached by a timing clock
Related violations: <none>

TIMING-20#144 Warning
Non-clocked latch  
The latch design_1_i/axi_ppm_0/U0/axi_ppm_v1_0_S00_AXI_inst/my_ppm_detect/next_slv_reg7_reg[23] cannot be properly analyzed as its control pin design_1_i/axi_ppm_0/U0/axi_ppm_v1_0_S00_AXI_inst/my_ppm_detect/next_slv_reg7_reg[23]/G is not reached by a timing clock
Related violations: <none>

TIMING-20#145 Warning
Non-clocked latch  
The latch design_1_i/axi_ppm_0/U0/axi_ppm_v1_0_S00_AXI_inst/my_ppm_detect/next_slv_reg7_reg[24] cannot be properly analyzed as its control pin design_1_i/axi_ppm_0/U0/axi_ppm_v1_0_S00_AXI_inst/my_ppm_detect/next_slv_reg7_reg[24]/G is not reached by a timing clock
Related violations: <none>

TIMING-20#146 Warning
Non-clocked latch  
The latch design_1_i/axi_ppm_0/U0/axi_ppm_v1_0_S00_AXI_inst/my_ppm_detect/next_slv_reg7_reg[25] cannot be properly analyzed as its control pin design_1_i/axi_ppm_0/U0/axi_ppm_v1_0_S00_AXI_inst/my_ppm_detect/next_slv_reg7_reg[25]/G is not reached by a timing clock
Related violations: <none>

TIMING-20#147 Warning
Non-clocked latch  
The latch design_1_i/axi_ppm_0/U0/axi_ppm_v1_0_S00_AXI_inst/my_ppm_detect/next_slv_reg7_reg[26] cannot be properly analyzed as its control pin design_1_i/axi_ppm_0/U0/axi_ppm_v1_0_S00_AXI_inst/my_ppm_detect/next_slv_reg7_reg[26]/G is not reached by a timing clock
Related violations: <none>

TIMING-20#148 Warning
Non-clocked latch  
The latch design_1_i/axi_ppm_0/U0/axi_ppm_v1_0_S00_AXI_inst/my_ppm_detect/next_slv_reg7_reg[27] cannot be properly analyzed as its control pin design_1_i/axi_ppm_0/U0/axi_ppm_v1_0_S00_AXI_inst/my_ppm_detect/next_slv_reg7_reg[27]/G is not reached by a timing clock
Related violations: <none>

TIMING-20#149 Warning
Non-clocked latch  
The latch design_1_i/axi_ppm_0/U0/axi_ppm_v1_0_S00_AXI_inst/my_ppm_detect/next_slv_reg7_reg[28] cannot be properly analyzed as its control pin design_1_i/axi_ppm_0/U0/axi_ppm_v1_0_S00_AXI_inst/my_ppm_detect/next_slv_reg7_reg[28]/G is not reached by a timing clock
Related violations: <none>

TIMING-20#150 Warning
Non-clocked latch  
The latch design_1_i/axi_ppm_0/U0/axi_ppm_v1_0_S00_AXI_inst/my_ppm_detect/next_slv_reg7_reg[29] cannot be properly analyzed as its control pin design_1_i/axi_ppm_0/U0/axi_ppm_v1_0_S00_AXI_inst/my_ppm_detect/next_slv_reg7_reg[29]/G is not reached by a timing clock
Related violations: <none>

TIMING-20#151 Warning
Non-clocked latch  
The latch design_1_i/axi_ppm_0/U0/axi_ppm_v1_0_S00_AXI_inst/my_ppm_detect/next_slv_reg7_reg[2] cannot be properly analyzed as its control pin design_1_i/axi_ppm_0/U0/axi_ppm_v1_0_S00_AXI_inst/my_ppm_detect/next_slv_reg7_reg[2]/G is not reached by a timing clock
Related violations: <none>

TIMING-20#152 Warning
Non-clocked latch  
The latch design_1_i/axi_ppm_0/U0/axi_ppm_v1_0_S00_AXI_inst/my_ppm_detect/next_slv_reg7_reg[30] cannot be properly analyzed as its control pin design_1_i/axi_ppm_0/U0/axi_ppm_v1_0_S00_AXI_inst/my_ppm_detect/next_slv_reg7_reg[30]/G is not reached by a timing clock
Related violations: <none>

TIMING-20#153 Warning
Non-clocked latch  
The latch design_1_i/axi_ppm_0/U0/axi_ppm_v1_0_S00_AXI_inst/my_ppm_detect/next_slv_reg7_reg[31] cannot be properly analyzed as its control pin design_1_i/axi_ppm_0/U0/axi_ppm_v1_0_S00_AXI_inst/my_ppm_detect/next_slv_reg7_reg[31]/G is not reached by a timing clock
Related violations: <none>

TIMING-20#154 Warning
Non-clocked latch  
The latch design_1_i/axi_ppm_0/U0/axi_ppm_v1_0_S00_AXI_inst/my_ppm_detect/next_slv_reg7_reg[3] cannot be properly analyzed as its control pin design_1_i/axi_ppm_0/U0/axi_ppm_v1_0_S00_AXI_inst/my_ppm_detect/next_slv_reg7_reg[3]/G is not reached by a timing clock
Related violations: <none>

TIMING-20#155 Warning
Non-clocked latch  
The latch design_1_i/axi_ppm_0/U0/axi_ppm_v1_0_S00_AXI_inst/my_ppm_detect/next_slv_reg7_reg[4] cannot be properly analyzed as its control pin design_1_i/axi_ppm_0/U0/axi_ppm_v1_0_S00_AXI_inst/my_ppm_detect/next_slv_reg7_reg[4]/G is not reached by a timing clock
Related violations: <none>

TIMING-20#156 Warning
Non-clocked latch  
The latch design_1_i/axi_ppm_0/U0/axi_ppm_v1_0_S00_AXI_inst/my_ppm_detect/next_slv_reg7_reg[5] cannot be properly analyzed as its control pin design_1_i/axi_ppm_0/U0/axi_ppm_v1_0_S00_AXI_inst/my_ppm_detect/next_slv_reg7_reg[5]/G is not reached by a timing clock
Related violations: <none>

TIMING-20#157 Warning
Non-clocked latch  
The latch design_1_i/axi_ppm_0/U0/axi_ppm_v1_0_S00_AXI_inst/my_ppm_detect/next_slv_reg7_reg[6] cannot be properly analyzed as its control pin design_1_i/axi_ppm_0/U0/axi_ppm_v1_0_S00_AXI_inst/my_ppm_detect/next_slv_reg7_reg[6]/G is not reached by a timing clock
Related violations: <none>

TIMING-20#158 Warning
Non-clocked latch  
The latch design_1_i/axi_ppm_0/U0/axi_ppm_v1_0_S00_AXI_inst/my_ppm_detect/next_slv_reg7_reg[7] cannot be properly analyzed as its control pin design_1_i/axi_ppm_0/U0/axi_ppm_v1_0_S00_AXI_inst/my_ppm_detect/next_slv_reg7_reg[7]/G is not reached by a timing clock
Related violations: <none>

TIMING-20#159 Warning
Non-clocked latch  
The latch design_1_i/axi_ppm_0/U0/axi_ppm_v1_0_S00_AXI_inst/my_ppm_detect/next_slv_reg7_reg[8] cannot be properly analyzed as its control pin design_1_i/axi_ppm_0/U0/axi_ppm_v1_0_S00_AXI_inst/my_ppm_detect/next_slv_reg7_reg[8]/G is not reached by a timing clock
Related violations: <none>

TIMING-20#160 Warning
Non-clocked latch  
The latch design_1_i/axi_ppm_0/U0/axi_ppm_v1_0_S00_AXI_inst/my_ppm_detect/next_slv_reg7_reg[9] cannot be properly analyzed as its control pin design_1_i/axi_ppm_0/U0/axi_ppm_v1_0_S00_AXI_inst/my_ppm_detect/next_slv_reg7_reg[9]/G is not reached by a timing clock
Related violations: <none>

TIMING-20#161 Warning
Non-clocked latch  
The latch design_1_i/axi_ppm_0/U0/axi_ppm_v1_0_S00_AXI_inst/my_ppm_detect/next_slv_reg8_reg[0] cannot be properly analyzed as its control pin design_1_i/axi_ppm_0/U0/axi_ppm_v1_0_S00_AXI_inst/my_ppm_detect/next_slv_reg8_reg[0]/G is not reached by a timing clock
Related violations: <none>

TIMING-20#162 Warning
Non-clocked latch  
The latch design_1_i/axi_ppm_0/U0/axi_ppm_v1_0_S00_AXI_inst/my_ppm_detect/next_slv_reg8_reg[10] cannot be properly analyzed as its control pin design_1_i/axi_ppm_0/U0/axi_ppm_v1_0_S00_AXI_inst/my_ppm_detect/next_slv_reg8_reg[10]/G is not reached by a timing clock
Related violations: <none>

TIMING-20#163 Warning
Non-clocked latch  
The latch design_1_i/axi_ppm_0/U0/axi_ppm_v1_0_S00_AXI_inst/my_ppm_detect/next_slv_reg8_reg[11] cannot be properly analyzed as its control pin design_1_i/axi_ppm_0/U0/axi_ppm_v1_0_S00_AXI_inst/my_ppm_detect/next_slv_reg8_reg[11]/G is not reached by a timing clock
Related violations: <none>

TIMING-20#164 Warning
Non-clocked latch  
The latch design_1_i/axi_ppm_0/U0/axi_ppm_v1_0_S00_AXI_inst/my_ppm_detect/next_slv_reg8_reg[12] cannot be properly analyzed as its control pin design_1_i/axi_ppm_0/U0/axi_ppm_v1_0_S00_AXI_inst/my_ppm_detect/next_slv_reg8_reg[12]/G is not reached by a timing clock
Related violations: <none>

TIMING-20#165 Warning
Non-clocked latch  
The latch design_1_i/axi_ppm_0/U0/axi_ppm_v1_0_S00_AXI_inst/my_ppm_detect/next_slv_reg8_reg[13] cannot be properly analyzed as its control pin design_1_i/axi_ppm_0/U0/axi_ppm_v1_0_S00_AXI_inst/my_ppm_detect/next_slv_reg8_reg[13]/G is not reached by a timing clock
Related violations: <none>

TIMING-20#166 Warning
Non-clocked latch  
The latch design_1_i/axi_ppm_0/U0/axi_ppm_v1_0_S00_AXI_inst/my_ppm_detect/next_slv_reg8_reg[14] cannot be properly analyzed as its control pin design_1_i/axi_ppm_0/U0/axi_ppm_v1_0_S00_AXI_inst/my_ppm_detect/next_slv_reg8_reg[14]/G is not reached by a timing clock
Related violations: <none>

TIMING-20#167 Warning
Non-clocked latch  
The latch design_1_i/axi_ppm_0/U0/axi_ppm_v1_0_S00_AXI_inst/my_ppm_detect/next_slv_reg8_reg[15] cannot be properly analyzed as its control pin design_1_i/axi_ppm_0/U0/axi_ppm_v1_0_S00_AXI_inst/my_ppm_detect/next_slv_reg8_reg[15]/G is not reached by a timing clock
Related violations: <none>

TIMING-20#168 Warning
Non-clocked latch  
The latch design_1_i/axi_ppm_0/U0/axi_ppm_v1_0_S00_AXI_inst/my_ppm_detect/next_slv_reg8_reg[16] cannot be properly analyzed as its control pin design_1_i/axi_ppm_0/U0/axi_ppm_v1_0_S00_AXI_inst/my_ppm_detect/next_slv_reg8_reg[16]/G is not reached by a timing clock
Related violations: <none>

TIMING-20#169 Warning
Non-clocked latch  
The latch design_1_i/axi_ppm_0/U0/axi_ppm_v1_0_S00_AXI_inst/my_ppm_detect/next_slv_reg8_reg[17] cannot be properly analyzed as its control pin design_1_i/axi_ppm_0/U0/axi_ppm_v1_0_S00_AXI_inst/my_ppm_detect/next_slv_reg8_reg[17]/G is not reached by a timing clock
Related violations: <none>

TIMING-20#170 Warning
Non-clocked latch  
The latch design_1_i/axi_ppm_0/U0/axi_ppm_v1_0_S00_AXI_inst/my_ppm_detect/next_slv_reg8_reg[18] cannot be properly analyzed as its control pin design_1_i/axi_ppm_0/U0/axi_ppm_v1_0_S00_AXI_inst/my_ppm_detect/next_slv_reg8_reg[18]/G is not reached by a timing clock
Related violations: <none>

TIMING-20#171 Warning
Non-clocked latch  
The latch design_1_i/axi_ppm_0/U0/axi_ppm_v1_0_S00_AXI_inst/my_ppm_detect/next_slv_reg8_reg[19] cannot be properly analyzed as its control pin design_1_i/axi_ppm_0/U0/axi_ppm_v1_0_S00_AXI_inst/my_ppm_detect/next_slv_reg8_reg[19]/G is not reached by a timing clock
Related violations: <none>

TIMING-20#172 Warning
Non-clocked latch  
The latch design_1_i/axi_ppm_0/U0/axi_ppm_v1_0_S00_AXI_inst/my_ppm_detect/next_slv_reg8_reg[1] cannot be properly analyzed as its control pin design_1_i/axi_ppm_0/U0/axi_ppm_v1_0_S00_AXI_inst/my_ppm_detect/next_slv_reg8_reg[1]/G is not reached by a timing clock
Related violations: <none>

TIMING-20#173 Warning
Non-clocked latch  
The latch design_1_i/axi_ppm_0/U0/axi_ppm_v1_0_S00_AXI_inst/my_ppm_detect/next_slv_reg8_reg[20] cannot be properly analyzed as its control pin design_1_i/axi_ppm_0/U0/axi_ppm_v1_0_S00_AXI_inst/my_ppm_detect/next_slv_reg8_reg[20]/G is not reached by a timing clock
Related violations: <none>

TIMING-20#174 Warning
Non-clocked latch  
The latch design_1_i/axi_ppm_0/U0/axi_ppm_v1_0_S00_AXI_inst/my_ppm_detect/next_slv_reg8_reg[21] cannot be properly analyzed as its control pin design_1_i/axi_ppm_0/U0/axi_ppm_v1_0_S00_AXI_inst/my_ppm_detect/next_slv_reg8_reg[21]/G is not reached by a timing clock
Related violations: <none>

TIMING-20#175 Warning
Non-clocked latch  
The latch design_1_i/axi_ppm_0/U0/axi_ppm_v1_0_S00_AXI_inst/my_ppm_detect/next_slv_reg8_reg[22] cannot be properly analyzed as its control pin design_1_i/axi_ppm_0/U0/axi_ppm_v1_0_S00_AXI_inst/my_ppm_detect/next_slv_reg8_reg[22]/G is not reached by a timing clock
Related violations: <none>

TIMING-20#176 Warning
Non-clocked latch  
The latch design_1_i/axi_ppm_0/U0/axi_ppm_v1_0_S00_AXI_inst/my_ppm_detect/next_slv_reg8_reg[23] cannot be properly analyzed as its control pin design_1_i/axi_ppm_0/U0/axi_ppm_v1_0_S00_AXI_inst/my_ppm_detect/next_slv_reg8_reg[23]/G is not reached by a timing clock
Related violations: <none>

TIMING-20#177 Warning
Non-clocked latch  
The latch design_1_i/axi_ppm_0/U0/axi_ppm_v1_0_S00_AXI_inst/my_ppm_detect/next_slv_reg8_reg[24] cannot be properly analyzed as its control pin design_1_i/axi_ppm_0/U0/axi_ppm_v1_0_S00_AXI_inst/my_ppm_detect/next_slv_reg8_reg[24]/G is not reached by a timing clock
Related violations: <none>

TIMING-20#178 Warning
Non-clocked latch  
The latch design_1_i/axi_ppm_0/U0/axi_ppm_v1_0_S00_AXI_inst/my_ppm_detect/next_slv_reg8_reg[25] cannot be properly analyzed as its control pin design_1_i/axi_ppm_0/U0/axi_ppm_v1_0_S00_AXI_inst/my_ppm_detect/next_slv_reg8_reg[25]/G is not reached by a timing clock
Related violations: <none>

TIMING-20#179 Warning
Non-clocked latch  
The latch design_1_i/axi_ppm_0/U0/axi_ppm_v1_0_S00_AXI_inst/my_ppm_detect/next_slv_reg8_reg[26] cannot be properly analyzed as its control pin design_1_i/axi_ppm_0/U0/axi_ppm_v1_0_S00_AXI_inst/my_ppm_detect/next_slv_reg8_reg[26]/G is not reached by a timing clock
Related violations: <none>

TIMING-20#180 Warning
Non-clocked latch  
The latch design_1_i/axi_ppm_0/U0/axi_ppm_v1_0_S00_AXI_inst/my_ppm_detect/next_slv_reg8_reg[27] cannot be properly analyzed as its control pin design_1_i/axi_ppm_0/U0/axi_ppm_v1_0_S00_AXI_inst/my_ppm_detect/next_slv_reg8_reg[27]/G is not reached by a timing clock
Related violations: <none>

TIMING-20#181 Warning
Non-clocked latch  
The latch design_1_i/axi_ppm_0/U0/axi_ppm_v1_0_S00_AXI_inst/my_ppm_detect/next_slv_reg8_reg[28] cannot be properly analyzed as its control pin design_1_i/axi_ppm_0/U0/axi_ppm_v1_0_S00_AXI_inst/my_ppm_detect/next_slv_reg8_reg[28]/G is not reached by a timing clock
Related violations: <none>

TIMING-20#182 Warning
Non-clocked latch  
The latch design_1_i/axi_ppm_0/U0/axi_ppm_v1_0_S00_AXI_inst/my_ppm_detect/next_slv_reg8_reg[29] cannot be properly analyzed as its control pin design_1_i/axi_ppm_0/U0/axi_ppm_v1_0_S00_AXI_inst/my_ppm_detect/next_slv_reg8_reg[29]/G is not reached by a timing clock
Related violations: <none>

TIMING-20#183 Warning
Non-clocked latch  
The latch design_1_i/axi_ppm_0/U0/axi_ppm_v1_0_S00_AXI_inst/my_ppm_detect/next_slv_reg8_reg[2] cannot be properly analyzed as its control pin design_1_i/axi_ppm_0/U0/axi_ppm_v1_0_S00_AXI_inst/my_ppm_detect/next_slv_reg8_reg[2]/G is not reached by a timing clock
Related violations: <none>

TIMING-20#184 Warning
Non-clocked latch  
The latch design_1_i/axi_ppm_0/U0/axi_ppm_v1_0_S00_AXI_inst/my_ppm_detect/next_slv_reg8_reg[30] cannot be properly analyzed as its control pin design_1_i/axi_ppm_0/U0/axi_ppm_v1_0_S00_AXI_inst/my_ppm_detect/next_slv_reg8_reg[30]/G is not reached by a timing clock
Related violations: <none>

TIMING-20#185 Warning
Non-clocked latch  
The latch design_1_i/axi_ppm_0/U0/axi_ppm_v1_0_S00_AXI_inst/my_ppm_detect/next_slv_reg8_reg[31] cannot be properly analyzed as its control pin design_1_i/axi_ppm_0/U0/axi_ppm_v1_0_S00_AXI_inst/my_ppm_detect/next_slv_reg8_reg[31]/G is not reached by a timing clock
Related violations: <none>

TIMING-20#186 Warning
Non-clocked latch  
The latch design_1_i/axi_ppm_0/U0/axi_ppm_v1_0_S00_AXI_inst/my_ppm_detect/next_slv_reg8_reg[3] cannot be properly analyzed as its control pin design_1_i/axi_ppm_0/U0/axi_ppm_v1_0_S00_AXI_inst/my_ppm_detect/next_slv_reg8_reg[3]/G is not reached by a timing clock
Related violations: <none>

TIMING-20#187 Warning
Non-clocked latch  
The latch design_1_i/axi_ppm_0/U0/axi_ppm_v1_0_S00_AXI_inst/my_ppm_detect/next_slv_reg8_reg[4] cannot be properly analyzed as its control pin design_1_i/axi_ppm_0/U0/axi_ppm_v1_0_S00_AXI_inst/my_ppm_detect/next_slv_reg8_reg[4]/G is not reached by a timing clock
Related violations: <none>

TIMING-20#188 Warning
Non-clocked latch  
The latch design_1_i/axi_ppm_0/U0/axi_ppm_v1_0_S00_AXI_inst/my_ppm_detect/next_slv_reg8_reg[5] cannot be properly analyzed as its control pin design_1_i/axi_ppm_0/U0/axi_ppm_v1_0_S00_AXI_inst/my_ppm_detect/next_slv_reg8_reg[5]/G is not reached by a timing clock
Related violations: <none>

TIMING-20#189 Warning
Non-clocked latch  
The latch design_1_i/axi_ppm_0/U0/axi_ppm_v1_0_S00_AXI_inst/my_ppm_detect/next_slv_reg8_reg[6] cannot be properly analyzed as its control pin design_1_i/axi_ppm_0/U0/axi_ppm_v1_0_S00_AXI_inst/my_ppm_detect/next_slv_reg8_reg[6]/G is not reached by a timing clock
Related violations: <none>

TIMING-20#190 Warning
Non-clocked latch  
The latch design_1_i/axi_ppm_0/U0/axi_ppm_v1_0_S00_AXI_inst/my_ppm_detect/next_slv_reg8_reg[7] cannot be properly analyzed as its control pin design_1_i/axi_ppm_0/U0/axi_ppm_v1_0_S00_AXI_inst/my_ppm_detect/next_slv_reg8_reg[7]/G is not reached by a timing clock
Related violations: <none>

TIMING-20#191 Warning
Non-clocked latch  
The latch design_1_i/axi_ppm_0/U0/axi_ppm_v1_0_S00_AXI_inst/my_ppm_detect/next_slv_reg8_reg[8] cannot be properly analyzed as its control pin design_1_i/axi_ppm_0/U0/axi_ppm_v1_0_S00_AXI_inst/my_ppm_detect/next_slv_reg8_reg[8]/G is not reached by a timing clock
Related violations: <none>

TIMING-20#192 Warning
Non-clocked latch  
The latch design_1_i/axi_ppm_0/U0/axi_ppm_v1_0_S00_AXI_inst/my_ppm_detect/next_slv_reg8_reg[9] cannot be properly analyzed as its control pin design_1_i/axi_ppm_0/U0/axi_ppm_v1_0_S00_AXI_inst/my_ppm_detect/next_slv_reg8_reg[9]/G is not reached by a timing clock
Related violations: <none>

TIMING-20#193 Warning
Non-clocked latch  
The latch design_1_i/axi_ppm_0/U0/axi_ppm_v1_0_S00_AXI_inst/my_ppm_detect/next_slv_reg9_reg[0] cannot be properly analyzed as its control pin design_1_i/axi_ppm_0/U0/axi_ppm_v1_0_S00_AXI_inst/my_ppm_detect/next_slv_reg9_reg[0]/G is not reached by a timing clock
Related violations: <none>

TIMING-20#194 Warning
Non-clocked latch  
The latch design_1_i/axi_ppm_0/U0/axi_ppm_v1_0_S00_AXI_inst/my_ppm_detect/next_slv_reg9_reg[10] cannot be properly analyzed as its control pin design_1_i/axi_ppm_0/U0/axi_ppm_v1_0_S00_AXI_inst/my_ppm_detect/next_slv_reg9_reg[10]/G is not reached by a timing clock
Related violations: <none>

TIMING-20#195 Warning
Non-clocked latch  
The latch design_1_i/axi_ppm_0/U0/axi_ppm_v1_0_S00_AXI_inst/my_ppm_detect/next_slv_reg9_reg[11] cannot be properly analyzed as its control pin design_1_i/axi_ppm_0/U0/axi_ppm_v1_0_S00_AXI_inst/my_ppm_detect/next_slv_reg9_reg[11]/G is not reached by a timing clock
Related violations: <none>

TIMING-20#196 Warning
Non-clocked latch  
The latch design_1_i/axi_ppm_0/U0/axi_ppm_v1_0_S00_AXI_inst/my_ppm_detect/next_slv_reg9_reg[12] cannot be properly analyzed as its control pin design_1_i/axi_ppm_0/U0/axi_ppm_v1_0_S00_AXI_inst/my_ppm_detect/next_slv_reg9_reg[12]/G is not reached by a timing clock
Related violations: <none>

TIMING-20#197 Warning
Non-clocked latch  
The latch design_1_i/axi_ppm_0/U0/axi_ppm_v1_0_S00_AXI_inst/my_ppm_detect/next_slv_reg9_reg[13] cannot be properly analyzed as its control pin design_1_i/axi_ppm_0/U0/axi_ppm_v1_0_S00_AXI_inst/my_ppm_detect/next_slv_reg9_reg[13]/G is not reached by a timing clock
Related violations: <none>

TIMING-20#198 Warning
Non-clocked latch  
The latch design_1_i/axi_ppm_0/U0/axi_ppm_v1_0_S00_AXI_inst/my_ppm_detect/next_slv_reg9_reg[14] cannot be properly analyzed as its control pin design_1_i/axi_ppm_0/U0/axi_ppm_v1_0_S00_AXI_inst/my_ppm_detect/next_slv_reg9_reg[14]/G is not reached by a timing clock
Related violations: <none>

TIMING-20#199 Warning
Non-clocked latch  
The latch design_1_i/axi_ppm_0/U0/axi_ppm_v1_0_S00_AXI_inst/my_ppm_detect/next_slv_reg9_reg[15] cannot be properly analyzed as its control pin design_1_i/axi_ppm_0/U0/axi_ppm_v1_0_S00_AXI_inst/my_ppm_detect/next_slv_reg9_reg[15]/G is not reached by a timing clock
Related violations: <none>

TIMING-20#200 Warning
Non-clocked latch  
The latch design_1_i/axi_ppm_0/U0/axi_ppm_v1_0_S00_AXI_inst/my_ppm_detect/next_slv_reg9_reg[16] cannot be properly analyzed as its control pin design_1_i/axi_ppm_0/U0/axi_ppm_v1_0_S00_AXI_inst/my_ppm_detect/next_slv_reg9_reg[16]/G is not reached by a timing clock
Related violations: <none>

TIMING-20#201 Warning
Non-clocked latch  
The latch design_1_i/axi_ppm_0/U0/axi_ppm_v1_0_S00_AXI_inst/my_ppm_detect/next_slv_reg9_reg[17] cannot be properly analyzed as its control pin design_1_i/axi_ppm_0/U0/axi_ppm_v1_0_S00_AXI_inst/my_ppm_detect/next_slv_reg9_reg[17]/G is not reached by a timing clock
Related violations: <none>

TIMING-20#202 Warning
Non-clocked latch  
The latch design_1_i/axi_ppm_0/U0/axi_ppm_v1_0_S00_AXI_inst/my_ppm_detect/next_slv_reg9_reg[18] cannot be properly analyzed as its control pin design_1_i/axi_ppm_0/U0/axi_ppm_v1_0_S00_AXI_inst/my_ppm_detect/next_slv_reg9_reg[18]/G is not reached by a timing clock
Related violations: <none>

TIMING-20#203 Warning
Non-clocked latch  
The latch design_1_i/axi_ppm_0/U0/axi_ppm_v1_0_S00_AXI_inst/my_ppm_detect/next_slv_reg9_reg[19] cannot be properly analyzed as its control pin design_1_i/axi_ppm_0/U0/axi_ppm_v1_0_S00_AXI_inst/my_ppm_detect/next_slv_reg9_reg[19]/G is not reached by a timing clock
Related violations: <none>

TIMING-20#204 Warning
Non-clocked latch  
The latch design_1_i/axi_ppm_0/U0/axi_ppm_v1_0_S00_AXI_inst/my_ppm_detect/next_slv_reg9_reg[1] cannot be properly analyzed as its control pin design_1_i/axi_ppm_0/U0/axi_ppm_v1_0_S00_AXI_inst/my_ppm_detect/next_slv_reg9_reg[1]/G is not reached by a timing clock
Related violations: <none>

TIMING-20#205 Warning
Non-clocked latch  
The latch design_1_i/axi_ppm_0/U0/axi_ppm_v1_0_S00_AXI_inst/my_ppm_detect/next_slv_reg9_reg[20] cannot be properly analyzed as its control pin design_1_i/axi_ppm_0/U0/axi_ppm_v1_0_S00_AXI_inst/my_ppm_detect/next_slv_reg9_reg[20]/G is not reached by a timing clock
Related violations: <none>

TIMING-20#206 Warning
Non-clocked latch  
The latch design_1_i/axi_ppm_0/U0/axi_ppm_v1_0_S00_AXI_inst/my_ppm_detect/next_slv_reg9_reg[21] cannot be properly analyzed as its control pin design_1_i/axi_ppm_0/U0/axi_ppm_v1_0_S00_AXI_inst/my_ppm_detect/next_slv_reg9_reg[21]/G is not reached by a timing clock
Related violations: <none>

TIMING-20#207 Warning
Non-clocked latch  
The latch design_1_i/axi_ppm_0/U0/axi_ppm_v1_0_S00_AXI_inst/my_ppm_detect/next_slv_reg9_reg[22] cannot be properly analyzed as its control pin design_1_i/axi_ppm_0/U0/axi_ppm_v1_0_S00_AXI_inst/my_ppm_detect/next_slv_reg9_reg[22]/G is not reached by a timing clock
Related violations: <none>

TIMING-20#208 Warning
Non-clocked latch  
The latch design_1_i/axi_ppm_0/U0/axi_ppm_v1_0_S00_AXI_inst/my_ppm_detect/next_slv_reg9_reg[23] cannot be properly analyzed as its control pin design_1_i/axi_ppm_0/U0/axi_ppm_v1_0_S00_AXI_inst/my_ppm_detect/next_slv_reg9_reg[23]/G is not reached by a timing clock
Related violations: <none>

TIMING-20#209 Warning
Non-clocked latch  
The latch design_1_i/axi_ppm_0/U0/axi_ppm_v1_0_S00_AXI_inst/my_ppm_detect/next_slv_reg9_reg[24] cannot be properly analyzed as its control pin design_1_i/axi_ppm_0/U0/axi_ppm_v1_0_S00_AXI_inst/my_ppm_detect/next_slv_reg9_reg[24]/G is not reached by a timing clock
Related violations: <none>

TIMING-20#210 Warning
Non-clocked latch  
The latch design_1_i/axi_ppm_0/U0/axi_ppm_v1_0_S00_AXI_inst/my_ppm_detect/next_slv_reg9_reg[25] cannot be properly analyzed as its control pin design_1_i/axi_ppm_0/U0/axi_ppm_v1_0_S00_AXI_inst/my_ppm_detect/next_slv_reg9_reg[25]/G is not reached by a timing clock
Related violations: <none>

TIMING-20#211 Warning
Non-clocked latch  
The latch design_1_i/axi_ppm_0/U0/axi_ppm_v1_0_S00_AXI_inst/my_ppm_detect/next_slv_reg9_reg[26] cannot be properly analyzed as its control pin design_1_i/axi_ppm_0/U0/axi_ppm_v1_0_S00_AXI_inst/my_ppm_detect/next_slv_reg9_reg[26]/G is not reached by a timing clock
Related violations: <none>

TIMING-20#212 Warning
Non-clocked latch  
The latch design_1_i/axi_ppm_0/U0/axi_ppm_v1_0_S00_AXI_inst/my_ppm_detect/next_slv_reg9_reg[27] cannot be properly analyzed as its control pin design_1_i/axi_ppm_0/U0/axi_ppm_v1_0_S00_AXI_inst/my_ppm_detect/next_slv_reg9_reg[27]/G is not reached by a timing clock
Related violations: <none>

TIMING-20#213 Warning
Non-clocked latch  
The latch design_1_i/axi_ppm_0/U0/axi_ppm_v1_0_S00_AXI_inst/my_ppm_detect/next_slv_reg9_reg[28] cannot be properly analyzed as its control pin design_1_i/axi_ppm_0/U0/axi_ppm_v1_0_S00_AXI_inst/my_ppm_detect/next_slv_reg9_reg[28]/G is not reached by a timing clock
Related violations: <none>

TIMING-20#214 Warning
Non-clocked latch  
The latch design_1_i/axi_ppm_0/U0/axi_ppm_v1_0_S00_AXI_inst/my_ppm_detect/next_slv_reg9_reg[29] cannot be properly analyzed as its control pin design_1_i/axi_ppm_0/U0/axi_ppm_v1_0_S00_AXI_inst/my_ppm_detect/next_slv_reg9_reg[29]/G is not reached by a timing clock
Related violations: <none>

TIMING-20#215 Warning
Non-clocked latch  
The latch design_1_i/axi_ppm_0/U0/axi_ppm_v1_0_S00_AXI_inst/my_ppm_detect/next_slv_reg9_reg[2] cannot be properly analyzed as its control pin design_1_i/axi_ppm_0/U0/axi_ppm_v1_0_S00_AXI_inst/my_ppm_detect/next_slv_reg9_reg[2]/G is not reached by a timing clock
Related violations: <none>

TIMING-20#216 Warning
Non-clocked latch  
The latch design_1_i/axi_ppm_0/U0/axi_ppm_v1_0_S00_AXI_inst/my_ppm_detect/next_slv_reg9_reg[30] cannot be properly analyzed as its control pin design_1_i/axi_ppm_0/U0/axi_ppm_v1_0_S00_AXI_inst/my_ppm_detect/next_slv_reg9_reg[30]/G is not reached by a timing clock
Related violations: <none>

TIMING-20#217 Warning
Non-clocked latch  
The latch design_1_i/axi_ppm_0/U0/axi_ppm_v1_0_S00_AXI_inst/my_ppm_detect/next_slv_reg9_reg[31] cannot be properly analyzed as its control pin design_1_i/axi_ppm_0/U0/axi_ppm_v1_0_S00_AXI_inst/my_ppm_detect/next_slv_reg9_reg[31]/G is not reached by a timing clock
Related violations: <none>

TIMING-20#218 Warning
Non-clocked latch  
The latch design_1_i/axi_ppm_0/U0/axi_ppm_v1_0_S00_AXI_inst/my_ppm_detect/next_slv_reg9_reg[3] cannot be properly analyzed as its control pin design_1_i/axi_ppm_0/U0/axi_ppm_v1_0_S00_AXI_inst/my_ppm_detect/next_slv_reg9_reg[3]/G is not reached by a timing clock
Related violations: <none>

TIMING-20#219 Warning
Non-clocked latch  
The latch design_1_i/axi_ppm_0/U0/axi_ppm_v1_0_S00_AXI_inst/my_ppm_detect/next_slv_reg9_reg[4] cannot be properly analyzed as its control pin design_1_i/axi_ppm_0/U0/axi_ppm_v1_0_S00_AXI_inst/my_ppm_detect/next_slv_reg9_reg[4]/G is not reached by a timing clock
Related violations: <none>

TIMING-20#220 Warning
Non-clocked latch  
The latch design_1_i/axi_ppm_0/U0/axi_ppm_v1_0_S00_AXI_inst/my_ppm_detect/next_slv_reg9_reg[5] cannot be properly analyzed as its control pin design_1_i/axi_ppm_0/U0/axi_ppm_v1_0_S00_AXI_inst/my_ppm_detect/next_slv_reg9_reg[5]/G is not reached by a timing clock
Related violations: <none>

TIMING-20#221 Warning
Non-clocked latch  
The latch design_1_i/axi_ppm_0/U0/axi_ppm_v1_0_S00_AXI_inst/my_ppm_detect/next_slv_reg9_reg[6] cannot be properly analyzed as its control pin design_1_i/axi_ppm_0/U0/axi_ppm_v1_0_S00_AXI_inst/my_ppm_detect/next_slv_reg9_reg[6]/G is not reached by a timing clock
Related violations: <none>

TIMING-20#222 Warning
Non-clocked latch  
The latch design_1_i/axi_ppm_0/U0/axi_ppm_v1_0_S00_AXI_inst/my_ppm_detect/next_slv_reg9_reg[7] cannot be properly analyzed as its control pin design_1_i/axi_ppm_0/U0/axi_ppm_v1_0_S00_AXI_inst/my_ppm_detect/next_slv_reg9_reg[7]/G is not reached by a timing clock
Related violations: <none>

TIMING-20#223 Warning
Non-clocked latch  
The latch design_1_i/axi_ppm_0/U0/axi_ppm_v1_0_S00_AXI_inst/my_ppm_detect/next_slv_reg9_reg[8] cannot be properly analyzed as its control pin design_1_i/axi_ppm_0/U0/axi_ppm_v1_0_S00_AXI_inst/my_ppm_detect/next_slv_reg9_reg[8]/G is not reached by a timing clock
Related violations: <none>

TIMING-20#224 Warning
Non-clocked latch  
The latch design_1_i/axi_ppm_0/U0/axi_ppm_v1_0_S00_AXI_inst/my_ppm_detect/next_slv_reg9_reg[9] cannot be properly analyzed as its control pin design_1_i/axi_ppm_0/U0/axi_ppm_v1_0_S00_AXI_inst/my_ppm_detect/next_slv_reg9_reg[9]/G is not reached by a timing clock
Related violations: <none>

TIMING-20#225 Warning
Non-clocked latch  
The latch design_1_i/axi_ppm_0/U0/axi_ppm_v1_0_S00_AXI_inst/my_ppm_generation/next_PPM_OUT_reg cannot be properly analyzed as its control pin design_1_i/axi_ppm_0/U0/axi_ppm_v1_0_S00_AXI_inst/my_ppm_generation/next_PPM_OUT_reg/G is not reached by a timing clock
Related violations: <none>


